mode: set
project_pos_app/config/config.go:40.34,56.16 12 0
project_pos_app/config/config.go:56.16,58.3 1 0
project_pos_app/config/config.go:60.2,90.20 2 0
project_pos_app/main.go:38.13,41.16 2 0
project_pos_app/main.go:41.16,43.3 1 0
project_pos_app/main.go:45.2,55.12 4 0
project_pos_app/main.go:55.12,58.77 2 0
project_pos_app/main.go:58.77,60.4 1 0
project_pos_app/main.go:64.2,74.50 7 0
project_pos_app/main.go:74.50,76.3 1 0
project_pos_app/main.go:79.2,79.9 1 0
project_pos_app/main.go:80.28,81.39 1 0
project_pos_app/main.go:84.2,84.31 1 0
project_pos_app/test.go:3.14,5.2 0 0
project_pos_app/controller/controller.go:21.104,28.2 1 0
project_pos_app/cmd/cron.go:12.51,18.42 2 0
project_pos_app/cmd/cron.go:18.42,21.17 3 0
project_pos_app/cmd/cron.go:21.17,24.4 2 0
project_pos_app/cmd/cron.go:25.3,25.36 1 0
project_pos_app/cmd/cron.go:25.36,32.18 3 0
project_pos_app/cmd/cron.go:32.18,34.5 1 0
project_pos_app/cmd/cron.go:34.10,36.5 1 0
project_pos_app/cmd/cron.go:39.2,39.16 1 0
project_pos_app/cmd/cron.go:39.16,41.3 1 0
project_pos_app/cmd/cron.go:44.2,44.41 1 0
project_pos_app/cmd/cron.go:44.41,48.17 3 0
project_pos_app/cmd/cron.go:48.17,51.4 2 0
project_pos_app/cmd/cron.go:52.3,52.32 1 0
project_pos_app/cmd/cron.go:52.32,54.18 2 0
project_pos_app/cmd/cron.go:54.18,56.5 1 0
project_pos_app/cmd/cron.go:60.3,61.17 2 0
project_pos_app/cmd/cron.go:61.17,64.4 2 0
project_pos_app/cmd/cron.go:65.3,65.36 1 0
project_pos_app/cmd/cron.go:65.36,68.18 3 0
project_pos_app/cmd/cron.go:68.18,70.5 1 0
project_pos_app/cmd/cron.go:73.3,73.67 1 0
project_pos_app/cmd/cron.go:75.2,75.16 1 0
project_pos_app/cmd/cron.go:75.16,77.3 1 0
project_pos_app/cmd/cron.go:80.2,83.12 2 0
project_pos_app/cmd/cron.go:83.12,84.10 1 0
project_pos_app/cmd/cron.go:87.2,88.12 2 0
project_pos_app/controller/auth_controller/auth.go:21.99,27.2 1 0
project_pos_app/controller/auth_controller/auth.go:29.47,34.16 4 0
project_pos_app/controller/auth_controller/auth.go:34.16,38.3 3 0
project_pos_app/controller/auth_controller/auth.go:40.2,41.16 2 0
project_pos_app/controller/auth_controller/auth.go:41.16,45.3 3 0
project_pos_app/controller/auth_controller/auth.go:47.2,53.16 5 0
project_pos_app/controller/auth_controller/auth.go:53.16,55.3 1 0
project_pos_app/controller/auth_controller/auth.go:57.2,57.67 1 0
project_pos_app/controller/example_controller/example.go:17.91,19.2 1 0
project_pos_app/mock_testing/mockDB.go:14.73,16.2 1 0
project_pos_app/mock_testing/mockDB.go:18.52,20.2 1 0
project_pos_app/mock_testing/mockDB.go:22.50,24.2 1 0
project_pos_app/mock_testing/mockDB.go:26.73,28.2 1 0
project_pos_app/mock_testing/mockDB.go:30.51,32.2 1 0
project_pos_app/mock_testing/mockDB.go:34.52,36.2 1 0
project_pos_app/mock_testing/mockDB.go:38.56,41.2 2 0
project_pos_app/mock_testing/mockDB.go:43.74,46.54 2 0
project_pos_app/mock_testing/mockDB.go:46.54,49.3 2 0
project_pos_app/mock_testing/mockDB.go:51.2,51.22 1 0
project_pos_app/mock_testing/mockDB.go:54.87,57.2 2 0
project_pos_app/mock_testing/mockDB.go:59.64,61.24 2 0
project_pos_app/mock_testing/mockDB.go:61.24,63.3 1 0
project_pos_app/mock_testing/mockDB.go:65.2,65.27 1 0
project_pos_app/mock_testing/mockDB.go:68.65,70.54 2 0
project_pos_app/mock_testing/mockDB.go:70.54,73.3 2 0
project_pos_app/mock_testing/mockDB.go:75.2,75.22 1 0
project_pos_app/mock_testing/mockDB.go:78.39,80.16 2 0
project_pos_app/mock_testing/mockDB.go:80.16,82.3 1 0
project_pos_app/mock_testing/mockDB.go:84.2,85.54 2 0
project_pos_app/mock_testing/mockDB.go:85.54,87.3 1 0
project_pos_app/mock_testing/mockDB.go:89.2,89.22 1 0
project_pos_app/mock_testing/mockDB.go:92.40,95.54 2 0
project_pos_app/mock_testing/mockDB.go:95.54,96.57 1 0
project_pos_app/mock_testing/mockDB.go:96.57,97.25 1 0
project_pos_app/mock_testing/mockDB.go:97.25,99.5 1 0
project_pos_app/mock_testing/mockDB.go:102.3,102.13 1 0
project_pos_app/mock_testing/mockDB.go:105.2,105.22 1 0
project_pos_app/mock_testing/mockDB.go:110.72,112.24 2 0
project_pos_app/mock_testing/mockDB.go:112.24,114.3 1 0
project_pos_app/mock_testing/mockDB.go:115.2,115.27 1 0
project_pos_app/mock_testing/mockDB.go:118.66,120.44 2 0
project_pos_app/mock_testing/mockDB.go:120.44,122.3 1 0
project_pos_app/mock_testing/mockDB.go:123.2,123.27 1 0
project_pos_app/mock_testing/mockDB.go:126.71,128.60 2 0
project_pos_app/mock_testing/mockDB.go:128.60,130.3 1 0
project_pos_app/mock_testing/mockDB.go:131.2,131.27 1 0
project_pos_app/mock_testing/mockDB.go:134.67,137.2 2 0
project_pos_app/mock_testing/mockDB.go:139.72,141.56 2 0
project_pos_app/mock_testing/mockDB.go:141.56,144.3 2 0
project_pos_app/mock_testing/mockDB.go:145.2,145.27 1 0
project_pos_app/mock_testing/mockDB.go:148.73,151.2 2 0
project_pos_app/mock_testing/mockDB.go:153.76,155.60 2 0
project_pos_app/mock_testing/mockDB.go:155.60,158.3 2 0
project_pos_app/mock_testing/mockDB.go:159.2,159.27 1 0
project_pos_app/mock_testing/mockDB.go:162.79,164.46 2 0
project_pos_app/mock_testing/mockDB.go:164.46,167.3 2 0
project_pos_app/mock_testing/mockDB.go:168.2,168.27 1 0
project_pos_app/model/category.go:18.34,20.27 2 0
project_pos_app/model/category.go:20.27,28.3 1 0
project_pos_app/model/category.go:30.2,30.19 1 0
project_pos_app/model/notif.go:17.50,25.2 1 0
project_pos_app/model/notif.go:27.40,58.2 1 0
project_pos_app/model/order.go:22.27,45.2 1 0
project_pos_app/model/order_product.go:11.41,34.2 1 0
project_pos_app/model/product.go:20.31,44.2 1 0
project_pos_app/model/revenue.go:25.44,38.2 1 0
project_pos_app/model/revenue.go:41.40,63.2 1 0
project_pos_app/repository/repository.go:20.62,27.2 1 0
project_pos_app/repository/auth_repository/auth.go:22.79,24.2 1 0
project_pos_app/repository/auth_repository/auth.go:26.96,33.25 4 0
project_pos_app/repository/auth_repository/auth.go:33.25,34.45 1 0
project_pos_app/repository/auth_repository/auth.go:34.45,36.4 1 0
project_pos_app/repository/auth_repository/auth.go:37.3,37.31 1 0
project_pos_app/repository/auth_repository/auth.go:40.2,50.49 4 0
project_pos_app/repository/auth_repository/auth.go:50.49,52.3 1 0
project_pos_app/repository/auth_repository/auth.go:54.2,54.35 1 0
project_pos_app/repository/auth_repository/auth.go:54.35,55.53 1 0
project_pos_app/repository/auth_repository/auth.go:55.53,57.4 1 0
project_pos_app/repository/auth_repository/auth.go:59.8,61.51 2 0
project_pos_app/repository/auth_repository/auth.go:61.51,63.4 1 0
project_pos_app/repository/auth_repository/auth.go:66.2,66.33 1 0
project_pos_app/service/service.go:20.81,27.2 1 0
project_pos_app/service/auth_service/auth.go:19.95,21.2 1 0
project_pos_app/service/auth_service/auth.go:23.100,26.16 2 0
project_pos_app/service/auth_service/auth.go:26.16,28.3 1 0
project_pos_app/service/auth_service/auth.go:30.2,30.28 1 0
project_pos_app/database/database.go:15.55,33.16 3 0
project_pos_app/database/database.go:33.16,35.3 1 0
project_pos_app/database/database.go:37.2,37.19 1 0
project_pos_app/database/database.go:37.19,38.39 1 0
project_pos_app/database/database.go:38.39,40.4 1 0
project_pos_app/database/database.go:43.2,43.16 1 0
project_pos_app/database/database.go:43.16,44.37 1 0
project_pos_app/database/database.go:44.37,46.4 1 0
project_pos_app/database/database.go:49.2,49.16 1 0
project_pos_app/database/migration.go:11.35,16.24 1 0
project_pos_app/database/migration.go:16.24,18.3 1 0
project_pos_app/database/migration.go:21.2,31.37 2 0
project_pos_app/database/migration.go:31.37,34.17 3 0
project_pos_app/database/migration.go:34.17,36.4 1 0
project_pos_app/database/migration.go:38.3,38.16 1 0
project_pos_app/database/migration.go:38.16,40.12 2 0
project_pos_app/database/migration.go:44.3,44.57 1 0
project_pos_app/database/migration.go:44.57,46.4 1 0
project_pos_app/database/migration.go:49.3,49.99 1 0
project_pos_app/database/migration.go:49.99,51.4 1 0
project_pos_app/database/migration.go:53.3,53.69 1 0
project_pos_app/database/migration.go:56.2,56.12 1 0
project_pos_app/database/redis.go:18.70,24.2 1 0
project_pos_app/database/redis.go:26.53,32.2 1 0
project_pos_app/database/redis.go:34.55,36.2 1 0
project_pos_app/database/redis.go:38.50,40.2 1 0
project_pos_app/database/redis.go:42.46,44.2 1 0
project_pos_app/database/redis.go:46.54,48.2 1 0
project_pos_app/database/redis.go:50.60,52.2 1 0
project_pos_app/database/redis.go:54.50,56.2 1 0
project_pos_app/database/redis.go:58.43,60.2 1 0
project_pos_app/database/redis.go:62.47,64.2 1 0
project_pos_app/database/redis.go:66.29,68.6 2 0
project_pos_app/database/redis.go:68.6,72.17 4 0
project_pos_app/database/redis.go:72.17,73.14 1 0
project_pos_app/database/redis.go:76.3,76.28 1 0
project_pos_app/database/redis.go:76.28,78.4 1 0
project_pos_app/database/redis.go:80.3,80.18 1 0
project_pos_app/database/redis.go:80.18,81.9 1 0
project_pos_app/database/redis.go:86.36,89.6 3 0
project_pos_app/database/redis.go:89.6,93.17 4 0
project_pos_app/database/redis.go:93.17,94.14 1 0
project_pos_app/database/redis.go:97.3,99.18 2 0
project_pos_app/database/redis.go:99.18,100.9 1 0
project_pos_app/database/redis.go:104.2,104.15 1 0
project_pos_app/database/redis.go:107.59,110.6 3 0
project_pos_app/database/redis.go:110.6,114.17 4 0
project_pos_app/database/redis.go:114.17,115.14 1 0
project_pos_app/database/redis.go:118.3,120.18 2 0
project_pos_app/database/redis.go:120.18,121.9 1 0
project_pos_app/database/redis.go:125.2,125.15 1 0
project_pos_app/database/redis.go:129.67,131.2 1 0
project_pos_app/database/redis.go:133.70,137.2 3 0
project_pos_app/database/redis.go:139.43,141.2 1 0
project_pos_app/database/seeder.go:13.33,14.48 1 0
project_pos_app/database/seeder.go:14.48,16.30 2 0
project_pos_app/database/seeder.go:16.30,20.61 3 0
project_pos_app/database/seeder.go:20.61,23.5 2 0
project_pos_app/database/seeder.go:25.4,25.17 1 0
project_pos_app/database/seeder.go:25.17,27.13 2 0
project_pos_app/database/seeder.go:30.4,31.18 2 0
project_pos_app/database/seeder.go:31.18,34.13 3 0
project_pos_app/database/seeder.go:37.4,37.27 1 0
project_pos_app/database/seeder.go:40.3,41.13 2 0
project_pos_app/database/seeder.go:46.51,47.39 1 0
project_pos_app/database/seeder.go:47.39,49.22 2 0
project_pos_app/database/seeder.go:49.22,54.47 2 0
project_pos_app/database/seeder.go:54.47,56.5 1 0
project_pos_app/database/seeder.go:62.44,64.36 2 0
project_pos_app/database/seeder.go:64.36,66.3 1 0
project_pos_app/database/seeder.go:67.2,67.39 1 0
project_pos_app/database/seeder.go:67.39,69.3 1 0
project_pos_app/database/seeder.go:70.2,70.11 1 0
project_pos_app/database/seeder.go:73.32,79.2 1 0
project_pos_app/docs/docs.go:383.13,385.2 1 0
project_pos_app/config/config.go:40.34,56.16 12 0
project_pos_app/config/config.go:56.16,58.3 1 0
project_pos_app/config/config.go:60.2,90.20 2 0
project_pos_app/controller/revenue_controller/revenue_controller.go:17.91,19.2 1 1
project_pos_app/controller/revenue_controller/revenue_controller.go:29.74,31.16 2 1
project_pos_app/controller/revenue_controller/revenue_controller.go:31.16,36.3 4 1
project_pos_app/controller/revenue_controller/revenue_controller.go:38.2,38.90 1 1
project_pos_app/controller/revenue_controller/revenue_controller.go:49.68,51.16 2 1
project_pos_app/controller/revenue_controller/revenue_controller.go:51.16,56.3 4 1
project_pos_app/controller/revenue_controller/revenue_controller.go:58.2,58.82 1 1
project_pos_app/controller/revenue_controller/revenue_controller.go:69.69,71.16 2 1
project_pos_app/controller/revenue_controller/revenue_controller.go:71.16,76.3 4 1
project_pos_app/controller/revenue_controller/revenue_controller.go:78.2,78.83 1 1
project_pos_app/helper/convert.go:10.61,13.31 2 0
project_pos_app/helper/convert.go:13.31,15.3 1 0
project_pos_app/helper/convert.go:16.2,16.34 1 0
project_pos_app/helper/convert.go:16.34,18.3 1 0
project_pos_app/helper/convert.go:21.2,22.38 2 0
project_pos_app/helper/convert.go:22.38,27.60 3 0
project_pos_app/helper/convert.go:27.60,28.12 1 0
project_pos_app/helper/convert.go:32.3,33.45 2 0
project_pos_app/helper/convert.go:36.2,36.20 1 0
project_pos_app/helper/convert.go:39.68,42.69 2 0
project_pos_app/helper/convert.go:42.69,44.3 1 0
project_pos_app/helper/convert.go:46.2,50.35 3 0
project_pos_app/helper/convert.go:50.35,52.33 2 0
project_pos_app/helper/convert.go:52.33,54.4 1 0
project_pos_app/helper/convert.go:57.3,57.36 1 0
project_pos_app/helper/convert.go:57.36,59.4 1 0
project_pos_app/helper/convert.go:62.3,63.40 2 0
project_pos_app/helper/convert.go:63.40,68.61 3 0
project_pos_app/helper/convert.go:68.61,69.13 1 0
project_pos_app/helper/convert.go:73.4,74.47 2 0
project_pos_app/helper/convert.go:76.3,76.22 1 0
project_pos_app/helper/convert.go:79.2,79.20 1 0
project_pos_app/helper/convert.go:83.44,86.2 2 0
project_pos_app/helper/convert.go:88.114,91.9 2 0
project_pos_app/helper/convert.go:91.9,93.3 1 0
project_pos_app/helper/convert.go:96.2,98.33 2 0
project_pos_app/helper/convert.go:98.33,101.10 2 0
project_pos_app/helper/convert.go:101.10,103.4 1 0
project_pos_app/helper/convert.go:106.3,106.50 1 0
project_pos_app/helper/convert.go:106.50,107.22 1 0
project_pos_app/helper/convert.go:108.15,109.44 1 0
project_pos_app/helper/convert.go:109.44,111.6 1 0
project_pos_app/helper/convert.go:111.11,113.6 1 0
project_pos_app/helper/convert.go:114.18,115.50 1 0
project_pos_app/helper/convert.go:116.19,117.38 1 0
project_pos_app/helper/convert.go:117.38,119.6 1 0
project_pos_app/helper/convert.go:119.11,119.48 1 0
project_pos_app/helper/convert.go:119.48,121.20 2 0
project_pos_app/helper/convert.go:121.20,123.7 1 0
project_pos_app/helper/convert.go:124.6,124.35 1 0
project_pos_app/helper/convert.go:125.11,127.6 1 0
project_pos_app/helper/convert.go:128.12,129.70 1 0
project_pos_app/helper/convert.go:134.3,134.22 1 0
project_pos_app/helper/convert.go:137.2,137.20 1 0
project_pos_app/helper/convert.go:140.111,143.9 2 0
project_pos_app/helper/convert.go:143.9,145.3 1 0
project_pos_app/helper/convert.go:148.2,148.49 1 0
project_pos_app/helper/convert.go:148.49,149.21 1 0
project_pos_app/helper/convert.go:150.14,151.43 1 0
project_pos_app/helper/convert.go:151.43,153.5 1 0
project_pos_app/helper/convert.go:153.10,155.5 1 0
project_pos_app/helper/convert.go:156.17,157.49 1 0
project_pos_app/helper/convert.go:158.18,159.37 1 0
project_pos_app/helper/convert.go:159.37,161.5 1 0
project_pos_app/helper/convert.go:161.10,161.47 1 0
project_pos_app/helper/convert.go:161.47,163.19 2 0
project_pos_app/helper/convert.go:163.19,165.6 1 0
project_pos_app/helper/convert.go:166.5,166.34 1 0
project_pos_app/helper/convert.go:167.10,169.5 1 0
project_pos_app/helper/convert.go:170.11,171.69 1 0
project_pos_app/helper/convert.go:175.2,175.21 1 0
project_pos_app/helper/convert.go:178.102,183.31 2 0
project_pos_app/helper/convert.go:183.31,185.3 1 0
project_pos_app/helper/convert.go:188.2,189.31 2 0
project_pos_app/helper/convert.go:189.31,193.33 2 0
project_pos_app/helper/convert.go:193.33,195.4 1 0
project_pos_app/helper/convert.go:196.3,196.36 1 0
project_pos_app/helper/convert.go:196.36,198.4 1 0
project_pos_app/helper/convert.go:201.3,202.23 2 0
project_pos_app/helper/convert.go:202.23,204.4 1 0
project_pos_app/helper/convert.go:205.3,205.22 1 0
project_pos_app/helper/convert.go:205.22,207.4 1 0
project_pos_app/helper/convert.go:210.3,210.21 1 0
project_pos_app/helper/convert.go:211.14,212.39 1 0
project_pos_app/helper/convert.go:212.39,214.5 1 0
project_pos_app/helper/convert.go:214.10,216.5 1 0
project_pos_app/helper/convert.go:217.17,218.57 1 0
project_pos_app/helper/convert.go:219.18,220.35 1 0
project_pos_app/helper/convert.go:220.35,222.5 1 0
project_pos_app/helper/convert.go:222.10,222.45 1 0
project_pos_app/helper/convert.go:222.45,224.19 2 0
project_pos_app/helper/convert.go:224.19,226.6 1 0
project_pos_app/helper/convert.go:227.5,227.29 1 0
project_pos_app/helper/convert.go:228.10,230.5 1 0
project_pos_app/helper/convert.go:231.11,232.69 1 0
project_pos_app/helper/convert.go:236.3,236.28 1 0
project_pos_app/helper/convert.go:239.2,239.32 1 0
project_pos_app/helper/convert.go:243.70,251.34 3 1
project_pos_app/helper/convert.go:251.34,253.39 1 0
project_pos_app/helper/convert.go:253.39,256.4 2 0
project_pos_app/helper/convert.go:257.8,257.38 1 1
project_pos_app/helper/convert.go:257.38,259.37 1 1
project_pos_app/helper/convert.go:259.37,261.4 1 1
project_pos_app/helper/convert.go:262.8,264.3 1 0
project_pos_app/helper/convert.go:266.2,266.20 1 1
project_pos_app/helper/logger.go:12.54,15.15 2 0
project_pos_app/helper/logger.go:15.15,17.3 1 0
project_pos_app/helper/logger.go:19.2,31.16 3 0
project_pos_app/helper/logger.go:31.16,34.3 2 0
project_pos_app/helper/logger.go:36.2,45.20 5 0
project_pos_app/helper/mockSetup.go:16.48,24.2 4 0
project_pos_app/helper/mockSetup.go:31.63,46.2 9 1
project_pos_app/helper/response.go:17.70,23.2 1 1
project_pos_app/helper/response.go:25.132,35.2 1 0
project_pos_app/mock_testing/mockDB.go:14.73,16.2 1 0
project_pos_app/mock_testing/mockDB.go:18.52,20.2 1 0
project_pos_app/mock_testing/mockDB.go:22.50,24.2 1 0
project_pos_app/mock_testing/mockDB.go:26.73,28.2 1 0
project_pos_app/mock_testing/mockDB.go:30.51,32.2 1 0
project_pos_app/mock_testing/mockDB.go:34.52,36.2 1 0
project_pos_app/mock_testing/mockDB.go:38.56,41.2 2 0
project_pos_app/mock_testing/mockDB.go:43.74,46.54 2 0
project_pos_app/mock_testing/mockDB.go:46.54,49.3 2 0
project_pos_app/mock_testing/mockDB.go:51.2,51.22 1 0
project_pos_app/mock_testing/mockDB.go:54.87,57.2 2 0
project_pos_app/mock_testing/mockDB.go:59.64,61.24 2 0
project_pos_app/mock_testing/mockDB.go:61.24,63.3 1 0
project_pos_app/mock_testing/mockDB.go:65.2,65.27 1 0
project_pos_app/mock_testing/mockDB.go:68.65,70.54 2 0
project_pos_app/mock_testing/mockDB.go:70.54,73.3 2 0
project_pos_app/mock_testing/mockDB.go:75.2,75.22 1 0
project_pos_app/mock_testing/mockDB.go:78.39,80.16 2 0
project_pos_app/mock_testing/mockDB.go:80.16,82.3 1 0
project_pos_app/mock_testing/mockDB.go:84.2,85.54 2 0
project_pos_app/mock_testing/mockDB.go:85.54,87.3 1 0
project_pos_app/mock_testing/mockDB.go:89.2,89.22 1 0
project_pos_app/mock_testing/mockDB.go:92.40,95.54 2 0
project_pos_app/mock_testing/mockDB.go:95.54,96.57 1 0
project_pos_app/mock_testing/mockDB.go:96.57,97.25 1 0
project_pos_app/mock_testing/mockDB.go:97.25,99.5 1 0
project_pos_app/mock_testing/mockDB.go:102.3,102.13 1 0
project_pos_app/mock_testing/mockDB.go:105.2,105.22 1 0
project_pos_app/mock_testing/mockDB.go:110.72,112.24 2 1
project_pos_app/mock_testing/mockDB.go:112.24,114.3 1 1
project_pos_app/mock_testing/mockDB.go:115.2,115.27 1 1
project_pos_app/mock_testing/mockDB.go:118.66,120.44 2 1
project_pos_app/mock_testing/mockDB.go:120.44,122.3 1 1
project_pos_app/mock_testing/mockDB.go:123.2,123.27 1 1
project_pos_app/mock_testing/mockDB.go:126.71,128.60 2 1
project_pos_app/mock_testing/mockDB.go:128.60,130.3 1 1
project_pos_app/mock_testing/mockDB.go:131.2,131.27 1 1
project_pos_app/mock_testing/mockDB.go:134.67,137.2 2 0
project_pos_app/mock_testing/mockDB.go:139.72,141.56 2 0
project_pos_app/mock_testing/mockDB.go:141.56,144.3 2 0
project_pos_app/mock_testing/mockDB.go:145.2,145.27 1 0
project_pos_app/mock_testing/mockDB.go:148.73,151.2 2 0
project_pos_app/mock_testing/mockDB.go:153.76,155.60 2 0
project_pos_app/mock_testing/mockDB.go:155.60,158.3 2 0
project_pos_app/mock_testing/mockDB.go:159.2,159.27 1 0
project_pos_app/mock_testing/mockDB.go:162.79,164.46 2 0
project_pos_app/mock_testing/mockDB.go:164.46,167.3 2 0
project_pos_app/mock_testing/mockDB.go:168.2,168.27 1 0
project_pos_app/model/category.go:18.34,20.27 2 0
project_pos_app/model/category.go:20.27,28.3 1 0
project_pos_app/model/category.go:30.2,30.19 1 0
project_pos_app/model/notif.go:17.50,25.2 1 0
project_pos_app/model/notif.go:27.40,58.2 1 0
project_pos_app/model/order.go:22.27,45.2 1 0
project_pos_app/model/order_product.go:11.41,34.2 1 0
project_pos_app/model/product.go:20.31,44.2 1 0
project_pos_app/model/revenue.go:25.44,38.2 1 0
project_pos_app/model/revenue.go:41.40,63.2 1 0
project_pos_app/repository/repository.go:20.62,27.2 1 0
project_pos_app/repository/auth_repository/auth.go:22.79,24.2 1 0
project_pos_app/repository/auth_repository/auth.go:26.96,33.25 4 0
project_pos_app/repository/auth_repository/auth.go:33.25,34.45 1 0
project_pos_app/repository/auth_repository/auth.go:34.45,36.4 1 0
project_pos_app/repository/auth_repository/auth.go:37.3,37.31 1 0
project_pos_app/repository/auth_repository/auth.go:40.2,50.49 4 0
project_pos_app/repository/auth_repository/auth.go:50.49,52.3 1 0
project_pos_app/repository/auth_repository/auth.go:54.2,54.35 1 0
project_pos_app/repository/auth_repository/auth.go:54.35,55.53 1 0
project_pos_app/repository/auth_repository/auth.go:55.53,57.4 1 0
project_pos_app/repository/auth_repository/auth.go:59.8,61.51 2 0
project_pos_app/repository/auth_repository/auth.go:61.51,63.4 1 0
project_pos_app/repository/auth_repository/auth.go:66.2,66.33 1 0
project_pos_app/service/service.go:20.81,27.2 1 0
project_pos_app/service/auth_service/auth.go:19.95,21.2 1 0
project_pos_app/service/auth_service/auth.go:23.100,26.16 2 0
project_pos_app/service/auth_service/auth.go:26.16,28.3 1 0
project_pos_app/service/auth_service/auth.go:30.2,30.28 1 0
project_pos_app/helper/convert.go:10.61,13.31 2 0
project_pos_app/helper/convert.go:13.31,15.3 1 0
project_pos_app/helper/convert.go:16.2,16.34 1 0
project_pos_app/helper/convert.go:16.34,18.3 1 0
project_pos_app/helper/convert.go:21.2,22.38 2 0
project_pos_app/helper/convert.go:22.38,27.60 3 0
project_pos_app/helper/convert.go:27.60,28.12 1 0
project_pos_app/helper/convert.go:32.3,33.45 2 0
project_pos_app/helper/convert.go:36.2,36.20 1 0
project_pos_app/helper/convert.go:39.68,42.69 2 0
project_pos_app/helper/convert.go:42.69,44.3 1 0
project_pos_app/helper/convert.go:46.2,50.35 3 0
project_pos_app/helper/convert.go:50.35,52.33 2 0
project_pos_app/helper/convert.go:52.33,54.4 1 0
project_pos_app/helper/convert.go:57.3,57.36 1 0
project_pos_app/helper/convert.go:57.36,59.4 1 0
project_pos_app/helper/convert.go:62.3,63.40 2 0
project_pos_app/helper/convert.go:63.40,68.61 3 0
project_pos_app/helper/convert.go:68.61,69.13 1 0
project_pos_app/helper/convert.go:73.4,74.47 2 0
project_pos_app/helper/convert.go:76.3,76.22 1 0
project_pos_app/helper/convert.go:79.2,79.20 1 0
project_pos_app/helper/convert.go:83.44,86.2 2 0
project_pos_app/helper/convert.go:88.114,91.9 2 0
project_pos_app/helper/convert.go:91.9,93.3 1 0
project_pos_app/helper/convert.go:96.2,98.33 2 0
project_pos_app/helper/convert.go:98.33,101.10 2 0
project_pos_app/helper/convert.go:101.10,103.4 1 0
project_pos_app/helper/convert.go:106.3,106.50 1 0
project_pos_app/helper/convert.go:106.50,107.22 1 0
project_pos_app/helper/convert.go:108.15,109.44 1 0
project_pos_app/helper/convert.go:109.44,111.6 1 0
project_pos_app/helper/convert.go:111.11,113.6 1 0
project_pos_app/helper/convert.go:114.18,115.50 1 0
project_pos_app/helper/convert.go:116.19,117.38 1 0
project_pos_app/helper/convert.go:117.38,119.6 1 0
project_pos_app/helper/convert.go:119.11,119.48 1 0
project_pos_app/helper/convert.go:119.48,121.20 2 0
project_pos_app/helper/convert.go:121.20,123.7 1 0
project_pos_app/helper/convert.go:124.6,124.35 1 0
project_pos_app/helper/convert.go:125.11,127.6 1 0
project_pos_app/helper/convert.go:128.12,129.70 1 0
project_pos_app/helper/convert.go:134.3,134.22 1 0
project_pos_app/helper/convert.go:137.2,137.20 1 0
project_pos_app/helper/convert.go:140.111,143.9 2 0
project_pos_app/helper/convert.go:143.9,145.3 1 0
project_pos_app/helper/convert.go:148.2,148.49 1 0
project_pos_app/helper/convert.go:148.49,149.21 1 0
project_pos_app/helper/convert.go:150.14,151.43 1 0
project_pos_app/helper/convert.go:151.43,153.5 1 0
project_pos_app/helper/convert.go:153.10,155.5 1 0
project_pos_app/helper/convert.go:156.17,157.49 1 0
project_pos_app/helper/convert.go:158.18,159.37 1 0
project_pos_app/helper/convert.go:159.37,161.5 1 0
project_pos_app/helper/convert.go:161.10,161.47 1 0
project_pos_app/helper/convert.go:161.47,163.19 2 0
project_pos_app/helper/convert.go:163.19,165.6 1 0
project_pos_app/helper/convert.go:166.5,166.34 1 0
project_pos_app/helper/convert.go:167.10,169.5 1 0
project_pos_app/helper/convert.go:170.11,171.69 1 0
project_pos_app/helper/convert.go:175.2,175.21 1 0
project_pos_app/helper/convert.go:178.102,183.31 2 0
project_pos_app/helper/convert.go:183.31,185.3 1 0
project_pos_app/helper/convert.go:188.2,189.31 2 0
project_pos_app/helper/convert.go:189.31,193.33 2 0
project_pos_app/helper/convert.go:193.33,195.4 1 0
project_pos_app/helper/convert.go:196.3,196.36 1 0
project_pos_app/helper/convert.go:196.36,198.4 1 0
project_pos_app/helper/convert.go:201.3,202.23 2 0
project_pos_app/helper/convert.go:202.23,204.4 1 0
project_pos_app/helper/convert.go:205.3,205.22 1 0
project_pos_app/helper/convert.go:205.22,207.4 1 0
project_pos_app/helper/convert.go:210.3,210.21 1 0
project_pos_app/helper/convert.go:211.14,212.39 1 0
project_pos_app/helper/convert.go:212.39,214.5 1 0
project_pos_app/helper/convert.go:214.10,216.5 1 0
project_pos_app/helper/convert.go:217.17,218.57 1 0
project_pos_app/helper/convert.go:219.18,220.35 1 0
project_pos_app/helper/convert.go:220.35,222.5 1 0
project_pos_app/helper/convert.go:222.10,222.45 1 0
project_pos_app/helper/convert.go:222.45,224.19 2 0
project_pos_app/helper/convert.go:224.19,226.6 1 0
project_pos_app/helper/convert.go:227.5,227.29 1 0
project_pos_app/helper/convert.go:228.10,230.5 1 0
project_pos_app/helper/convert.go:231.11,232.69 1 0
project_pos_app/helper/convert.go:236.3,236.28 1 0
project_pos_app/helper/convert.go:239.2,239.32 1 0
project_pos_app/helper/convert.go:243.70,251.34 3 0
project_pos_app/helper/convert.go:251.34,253.39 1 0
project_pos_app/helper/convert.go:253.39,256.4 2 0
project_pos_app/helper/convert.go:257.8,257.38 1 0
project_pos_app/helper/convert.go:257.38,259.37 1 0
project_pos_app/helper/convert.go:259.37,261.4 1 0
project_pos_app/helper/convert.go:262.8,264.3 1 0
project_pos_app/helper/convert.go:266.2,266.20 1 0
project_pos_app/helper/logger.go:12.54,15.15 2 0
project_pos_app/helper/logger.go:15.15,17.3 1 0
project_pos_app/helper/logger.go:19.2,31.16 3 0
project_pos_app/helper/logger.go:31.16,34.3 2 0
project_pos_app/helper/logger.go:36.2,45.20 5 0
project_pos_app/helper/mockSetup.go:16.48,24.2 4 0
project_pos_app/helper/mockSetup.go:31.63,46.2 9 0
project_pos_app/helper/response.go:17.70,23.2 1 0
project_pos_app/helper/response.go:25.132,35.2 1 0
project_pos_app/infra/integration.go:23.57,25.63 1 0
project_pos_app/infra/integration.go:25.63,27.3 1 0
project_pos_app/infra/integration.go:29.2,30.16 2 0
project_pos_app/infra/integration.go:30.16,32.3 1 0
project_pos_app/infra/integration.go:34.2,35.16 2 0
project_pos_app/infra/integration.go:35.16,37.3 1 0
project_pos_app/infra/integration.go:39.2,40.16 2 0
project_pos_app/infra/integration.go:40.16,42.3 1 0
project_pos_app/infra/integration.go:44.2,58.8 5 0
project_pos_app/config/config.go:40.34,56.16 12 0
project_pos_app/config/config.go:56.16,58.3 1 0
project_pos_app/config/config.go:60.2,90.20 2 0
project_pos_app/controller/notif_controller/notif_controller.go:19.87,24.2 1 1
project_pos_app/controller/notif_controller/notif_controller.go:37.65,40.16 3 1
project_pos_app/controller/notif_controller/notif_controller.go:40.16,45.3 4 1
project_pos_app/controller/notif_controller/notif_controller.go:47.2,48.16 2 1
project_pos_app/controller/notif_controller/notif_controller.go:48.16,53.3 4 1
project_pos_app/controller/notif_controller/notif_controller.go:55.2,55.84 1 1
project_pos_app/controller/notif_controller/notif_controller.go:68.65,71.16 3 1
project_pos_app/controller/notif_controller/notif_controller.go:71.16,76.3 4 1
project_pos_app/controller/notif_controller/notif_controller.go:77.2,77.90 1 1
project_pos_app/controller/notif_controller/notif_controller.go:91.65,94.16 3 1
project_pos_app/controller/notif_controller/notif_controller.go:94.16,99.3 4 1
project_pos_app/controller/notif_controller/notif_controller.go:101.2,102.16 2 1
project_pos_app/controller/notif_controller/notif_controller.go:102.16,107.3 4 1
project_pos_app/controller/notif_controller/notif_controller.go:108.2,108.91 1 1
project_pos_app/controller/notif_controller/notif_controller.go:122.64,125.16 3 1
project_pos_app/controller/notif_controller/notif_controller.go:125.16,130.3 4 1
project_pos_app/controller/notif_controller/notif_controller.go:140.2,140.75 1 1
project_pos_app/controller/notif_controller/notif_controller.go:140.75,145.3 4 1
project_pos_app/controller/notif_controller/notif_controller.go:146.2,146.80 1 1
project_pos_app/controller/notif_controller/notif_controller.go:160.64,163.16 3 1
project_pos_app/controller/notif_controller/notif_controller.go:163.16,168.3 4 1
project_pos_app/controller/notif_controller/notif_controller.go:170.2,170.75 1 1
project_pos_app/controller/notif_controller/notif_controller.go:170.75,175.3 4 1
project_pos_app/controller/notif_controller/notif_controller.go:176.2,176.80 1 1
project_pos_app/controller/notif_controller/notif_controller.go:188.72,189.69 1 1
project_pos_app/controller/notif_controller/notif_controller.go:189.69,194.3 4 1
project_pos_app/controller/notif_controller/notif_controller.go:195.2,195.79 1 1
project_pos_app/helper/convert.go:10.61,13.31 2 1
project_pos_app/helper/convert.go:13.31,15.3 1 1
project_pos_app/helper/convert.go:16.2,16.34 1 1
project_pos_app/helper/convert.go:16.34,18.3 1 0
project_pos_app/helper/convert.go:21.2,22.38 2 1
project_pos_app/helper/convert.go:22.38,27.60 3 1
project_pos_app/helper/convert.go:27.60,28.12 1 1
project_pos_app/helper/convert.go:32.3,33.45 2 1
project_pos_app/helper/convert.go:36.2,36.20 1 1
project_pos_app/helper/convert.go:39.68,42.69 2 1
project_pos_app/helper/convert.go:42.69,44.3 1 0
project_pos_app/helper/convert.go:46.2,50.35 3 1
project_pos_app/helper/convert.go:50.35,52.33 2 1
project_pos_app/helper/convert.go:52.33,54.4 1 0
project_pos_app/helper/convert.go:57.3,57.36 1 1
project_pos_app/helper/convert.go:57.36,59.4 1 0
project_pos_app/helper/convert.go:62.3,63.40 2 1
project_pos_app/helper/convert.go:63.40,68.61 3 1
project_pos_app/helper/convert.go:68.61,69.13 1 1
project_pos_app/helper/convert.go:73.4,74.47 2 1
project_pos_app/helper/convert.go:76.3,76.22 1 1
project_pos_app/helper/convert.go:79.2,79.20 1 1
project_pos_app/helper/convert.go:83.44,86.2 2 1
project_pos_app/helper/convert.go:88.114,91.9 2 1
project_pos_app/helper/convert.go:91.9,93.3 1 0
project_pos_app/helper/convert.go:96.2,98.33 2 1
project_pos_app/helper/convert.go:98.33,101.10 2 1
project_pos_app/helper/convert.go:101.10,103.4 1 0
project_pos_app/helper/convert.go:106.3,106.50 1 1
project_pos_app/helper/convert.go:106.50,107.22 1 1
project_pos_app/helper/convert.go:108.15,109.44 1 1
project_pos_app/helper/convert.go:109.44,111.6 1 1
project_pos_app/helper/convert.go:111.11,113.6 1 0
project_pos_app/helper/convert.go:114.18,115.50 1 0
project_pos_app/helper/convert.go:116.19,117.38 1 0
project_pos_app/helper/convert.go:117.38,119.6 1 0
project_pos_app/helper/convert.go:119.11,119.48 1 0
project_pos_app/helper/convert.go:119.48,121.20 2 0
project_pos_app/helper/convert.go:121.20,123.7 1 0
project_pos_app/helper/convert.go:124.6,124.35 1 0
project_pos_app/helper/convert.go:125.11,127.6 1 0
project_pos_app/helper/convert.go:128.12,129.70 1 0
project_pos_app/helper/convert.go:134.3,134.22 1 1
project_pos_app/helper/convert.go:137.2,137.20 1 1
project_pos_app/helper/convert.go:140.111,143.9 2 1
project_pos_app/helper/convert.go:143.9,145.3 1 0
project_pos_app/helper/convert.go:148.2,148.49 1 1
project_pos_app/helper/convert.go:148.49,149.21 1 1
project_pos_app/helper/convert.go:150.14,151.43 1 1
project_pos_app/helper/convert.go:151.43,153.5 1 1
project_pos_app/helper/convert.go:153.10,155.5 1 0
project_pos_app/helper/convert.go:156.17,157.49 1 0
project_pos_app/helper/convert.go:158.18,159.37 1 0
project_pos_app/helper/convert.go:159.37,161.5 1 0
project_pos_app/helper/convert.go:161.10,161.47 1 0
project_pos_app/helper/convert.go:161.47,163.19 2 0
project_pos_app/helper/convert.go:163.19,165.6 1 0
project_pos_app/helper/convert.go:166.5,166.34 1 0
project_pos_app/helper/convert.go:167.10,169.5 1 0
project_pos_app/helper/convert.go:170.11,171.69 1 0
project_pos_app/helper/convert.go:175.2,175.21 1 1
project_pos_app/helper/convert.go:178.102,183.31 2 0
project_pos_app/helper/convert.go:183.31,185.3 1 0
project_pos_app/helper/convert.go:188.2,189.31 2 0
project_pos_app/helper/convert.go:189.31,193.33 2 0
project_pos_app/helper/convert.go:193.33,195.4 1 0
project_pos_app/helper/convert.go:196.3,196.36 1 0
project_pos_app/helper/convert.go:196.36,198.4 1 0
project_pos_app/helper/convert.go:201.3,202.23 2 0
project_pos_app/helper/convert.go:202.23,204.4 1 0
project_pos_app/helper/convert.go:205.3,205.22 1 0
project_pos_app/helper/convert.go:205.22,207.4 1 0
project_pos_app/helper/convert.go:210.3,210.21 1 0
project_pos_app/helper/convert.go:211.14,212.39 1 0
project_pos_app/helper/convert.go:212.39,214.5 1 0
project_pos_app/helper/convert.go:214.10,216.5 1 0
project_pos_app/helper/convert.go:217.17,218.57 1 0
project_pos_app/helper/convert.go:219.18,220.35 1 0
project_pos_app/helper/convert.go:220.35,222.5 1 0
project_pos_app/helper/convert.go:222.10,222.45 1 0
project_pos_app/helper/convert.go:222.45,224.19 2 0
project_pos_app/helper/convert.go:224.19,226.6 1 0
project_pos_app/helper/convert.go:227.5,227.29 1 0
project_pos_app/helper/convert.go:228.10,230.5 1 0
project_pos_app/helper/convert.go:231.11,232.69 1 0
project_pos_app/helper/convert.go:236.3,236.28 1 0
project_pos_app/helper/convert.go:239.2,239.32 1 0
project_pos_app/helper/convert.go:243.70,251.34 3 0
project_pos_app/helper/convert.go:251.34,253.39 1 0
project_pos_app/helper/convert.go:253.39,256.4 2 0
project_pos_app/helper/convert.go:257.8,257.38 1 0
project_pos_app/helper/convert.go:257.38,259.37 1 0
project_pos_app/helper/convert.go:259.37,261.4 1 0
project_pos_app/helper/convert.go:262.8,264.3 1 0
project_pos_app/helper/convert.go:266.2,266.20 1 0
project_pos_app/helper/logger.go:12.54,15.15 2 0
project_pos_app/helper/logger.go:15.15,17.3 1 0
project_pos_app/helper/logger.go:19.2,31.16 3 0
project_pos_app/helper/logger.go:31.16,34.3 2 0
project_pos_app/helper/logger.go:36.2,45.20 5 0
project_pos_app/helper/mockSetup.go:16.48,24.2 4 0
project_pos_app/helper/mockSetup.go:31.63,46.2 9 1
project_pos_app/helper/response.go:17.70,23.2 1 1
project_pos_app/helper/response.go:25.132,35.2 1 0
project_pos_app/mock_testing/mockDB.go:14.73,16.2 1 0
project_pos_app/mock_testing/mockDB.go:18.52,20.2 1 0
project_pos_app/mock_testing/mockDB.go:22.50,24.2 1 0
project_pos_app/mock_testing/mockDB.go:26.73,28.2 1 0
project_pos_app/mock_testing/mockDB.go:30.51,32.2 1 0
project_pos_app/mock_testing/mockDB.go:34.52,36.2 1 0
project_pos_app/mock_testing/mockDB.go:38.56,41.2 2 1
project_pos_app/mock_testing/mockDB.go:43.74,46.54 2 1
project_pos_app/mock_testing/mockDB.go:46.54,49.3 2 1
project_pos_app/mock_testing/mockDB.go:51.2,51.22 1 1
project_pos_app/mock_testing/mockDB.go:54.87,57.2 2 0
project_pos_app/mock_testing/mockDB.go:59.64,61.24 2 1
project_pos_app/mock_testing/mockDB.go:61.24,63.3 1 1
project_pos_app/mock_testing/mockDB.go:65.2,65.27 1 1
project_pos_app/mock_testing/mockDB.go:68.65,70.54 2 1
project_pos_app/mock_testing/mockDB.go:70.54,73.3 2 1
project_pos_app/mock_testing/mockDB.go:75.2,75.22 1 0
project_pos_app/mock_testing/mockDB.go:78.39,80.16 2 1
project_pos_app/mock_testing/mockDB.go:80.16,82.3 1 0
project_pos_app/mock_testing/mockDB.go:84.2,85.54 2 1
project_pos_app/mock_testing/mockDB.go:85.54,87.3 1 1
project_pos_app/mock_testing/mockDB.go:89.2,89.22 1 0
project_pos_app/mock_testing/mockDB.go:92.40,95.54 2 1
project_pos_app/mock_testing/mockDB.go:95.54,96.57 1 1
project_pos_app/mock_testing/mockDB.go:96.57,97.25 1 1
project_pos_app/mock_testing/mockDB.go:97.25,99.5 1 1
project_pos_app/mock_testing/mockDB.go:102.3,102.13 1 1
project_pos_app/mock_testing/mockDB.go:105.2,105.22 1 1
project_pos_app/mock_testing/mockDB.go:110.72,112.24 2 0
project_pos_app/mock_testing/mockDB.go:112.24,114.3 1 0
project_pos_app/mock_testing/mockDB.go:115.2,115.27 1 0
project_pos_app/mock_testing/mockDB.go:118.66,120.44 2 0
project_pos_app/mock_testing/mockDB.go:120.44,122.3 1 0
project_pos_app/mock_testing/mockDB.go:123.2,123.27 1 0
project_pos_app/mock_testing/mockDB.go:126.71,128.60 2 0
project_pos_app/mock_testing/mockDB.go:128.60,130.3 1 0
project_pos_app/mock_testing/mockDB.go:131.2,131.27 1 0
project_pos_app/mock_testing/mockDB.go:134.67,137.2 2 0
project_pos_app/mock_testing/mockDB.go:139.72,141.56 2 0
project_pos_app/mock_testing/mockDB.go:141.56,144.3 2 0
project_pos_app/mock_testing/mockDB.go:145.2,145.27 1 0
project_pos_app/mock_testing/mockDB.go:148.73,151.2 2 0
project_pos_app/mock_testing/mockDB.go:153.76,155.60 2 0
project_pos_app/mock_testing/mockDB.go:155.60,158.3 2 0
project_pos_app/mock_testing/mockDB.go:159.2,159.27 1 0
project_pos_app/mock_testing/mockDB.go:162.79,164.46 2 0
project_pos_app/mock_testing/mockDB.go:164.46,167.3 2 0
project_pos_app/mock_testing/mockDB.go:168.2,168.27 1 0
project_pos_app/model/category.go:18.34,20.27 2 0
project_pos_app/model/category.go:20.27,28.3 1 0
project_pos_app/model/category.go:30.2,30.19 1 0
project_pos_app/model/notif.go:17.50,25.2 1 0
project_pos_app/model/notif.go:27.40,58.2 1 0
project_pos_app/model/order.go:22.27,45.2 1 0
project_pos_app/model/order_product.go:11.41,34.2 1 0
project_pos_app/model/product.go:20.31,44.2 1 0
project_pos_app/model/revenue.go:25.44,38.2 1 0
project_pos_app/model/revenue.go:41.40,63.2 1 0
project_pos_app/repository/repository.go:20.62,27.2 1 0
project_pos_app/repository/auth_repository/auth.go:22.79,24.2 1 0
project_pos_app/repository/auth_repository/auth.go:26.96,33.25 4 0
project_pos_app/repository/auth_repository/auth.go:33.25,34.45 1 0
project_pos_app/repository/auth_repository/auth.go:34.45,36.4 1 0
project_pos_app/repository/auth_repository/auth.go:37.3,37.31 1 0
project_pos_app/repository/auth_repository/auth.go:40.2,50.49 4 0
project_pos_app/repository/auth_repository/auth.go:50.49,52.3 1 0
project_pos_app/repository/auth_repository/auth.go:54.2,54.35 1 0
project_pos_app/repository/auth_repository/auth.go:54.35,55.53 1 0
project_pos_app/repository/auth_repository/auth.go:55.53,57.4 1 0
project_pos_app/repository/auth_repository/auth.go:59.8,61.51 2 0
project_pos_app/repository/auth_repository/auth.go:61.51,63.4 1 0
project_pos_app/repository/auth_repository/auth.go:66.2,66.33 1 0
project_pos_app/service/service.go:20.81,27.2 1 0
project_pos_app/service/auth_service/auth.go:19.95,21.2 1 0
project_pos_app/service/auth_service/auth.go:23.100,26.16 2 0
project_pos_app/service/auth_service/auth.go:26.16,28.3 1 0
project_pos_app/service/auth_service/auth.go:30.2,30.28 1 0
project_pos_app/model/category.go:18.34,20.27 2 0
project_pos_app/model/category.go:20.27,28.3 1 0
project_pos_app/model/category.go:30.2,30.19 1 0
project_pos_app/model/notif.go:17.50,25.2 1 0
project_pos_app/model/notif.go:27.40,58.2 1 0
project_pos_app/model/order.go:22.27,45.2 1 0
project_pos_app/model/order_product.go:11.41,34.2 1 0
project_pos_app/model/product.go:20.31,44.2 1 0
project_pos_app/model/revenue.go:25.44,38.2 1 0
project_pos_app/model/revenue.go:41.40,63.2 1 0
project_pos_app/mock_testing/mockDB.go:14.73,16.2 1 0
project_pos_app/mock_testing/mockDB.go:18.52,20.2 1 0
project_pos_app/mock_testing/mockDB.go:22.50,24.2 1 0
project_pos_app/mock_testing/mockDB.go:26.73,28.2 1 0
project_pos_app/mock_testing/mockDB.go:30.51,32.2 1 0
project_pos_app/mock_testing/mockDB.go:34.52,36.2 1 0
project_pos_app/mock_testing/mockDB.go:38.56,41.2 2 0
project_pos_app/mock_testing/mockDB.go:43.74,46.54 2 0
project_pos_app/mock_testing/mockDB.go:46.54,49.3 2 0
project_pos_app/mock_testing/mockDB.go:51.2,51.22 1 0
project_pos_app/mock_testing/mockDB.go:54.87,57.2 2 0
project_pos_app/mock_testing/mockDB.go:59.64,61.24 2 0
project_pos_app/mock_testing/mockDB.go:61.24,63.3 1 0
project_pos_app/mock_testing/mockDB.go:65.2,65.27 1 0
project_pos_app/mock_testing/mockDB.go:68.65,70.54 2 0
project_pos_app/mock_testing/mockDB.go:70.54,73.3 2 0
project_pos_app/mock_testing/mockDB.go:75.2,75.22 1 0
project_pos_app/mock_testing/mockDB.go:78.39,80.16 2 0
project_pos_app/mock_testing/mockDB.go:80.16,82.3 1 0
project_pos_app/mock_testing/mockDB.go:84.2,85.54 2 0
project_pos_app/mock_testing/mockDB.go:85.54,87.3 1 0
project_pos_app/mock_testing/mockDB.go:89.2,89.22 1 0
project_pos_app/mock_testing/mockDB.go:92.40,95.54 2 0
project_pos_app/mock_testing/mockDB.go:95.54,96.57 1 0
project_pos_app/mock_testing/mockDB.go:96.57,97.25 1 0
project_pos_app/mock_testing/mockDB.go:97.25,99.5 1 0
project_pos_app/mock_testing/mockDB.go:102.3,102.13 1 0
project_pos_app/mock_testing/mockDB.go:105.2,105.22 1 0
project_pos_app/mock_testing/mockDB.go:110.72,112.24 2 0
project_pos_app/mock_testing/mockDB.go:112.24,114.3 1 0
project_pos_app/mock_testing/mockDB.go:115.2,115.27 1 0
project_pos_app/mock_testing/mockDB.go:118.66,120.44 2 0
project_pos_app/mock_testing/mockDB.go:120.44,122.3 1 0
project_pos_app/mock_testing/mockDB.go:123.2,123.27 1 0
project_pos_app/mock_testing/mockDB.go:126.71,128.60 2 0
project_pos_app/mock_testing/mockDB.go:128.60,130.3 1 0
project_pos_app/mock_testing/mockDB.go:131.2,131.27 1 0
project_pos_app/mock_testing/mockDB.go:134.67,137.2 2 0
project_pos_app/mock_testing/mockDB.go:139.72,141.56 2 0
project_pos_app/mock_testing/mockDB.go:141.56,144.3 2 0
project_pos_app/mock_testing/mockDB.go:145.2,145.27 1 0
project_pos_app/mock_testing/mockDB.go:148.73,151.2 2 0
project_pos_app/mock_testing/mockDB.go:153.76,155.60 2 0
project_pos_app/mock_testing/mockDB.go:155.60,158.3 2 0
project_pos_app/mock_testing/mockDB.go:159.2,159.27 1 0
project_pos_app/mock_testing/mockDB.go:162.79,164.46 2 0
project_pos_app/mock_testing/mockDB.go:164.46,167.3 2 0
project_pos_app/mock_testing/mockDB.go:168.2,168.27 1 0
project_pos_app/repository/repository.go:20.62,27.2 1 0
project_pos_app/repository/auth_repository/auth.go:22.79,24.2 1 0
project_pos_app/repository/auth_repository/auth.go:26.96,33.25 4 0
project_pos_app/repository/auth_repository/auth.go:33.25,34.45 1 0
project_pos_app/repository/auth_repository/auth.go:34.45,36.4 1 0
project_pos_app/repository/auth_repository/auth.go:37.3,37.31 1 0
project_pos_app/repository/auth_repository/auth.go:40.2,50.49 4 0
project_pos_app/repository/auth_repository/auth.go:50.49,52.3 1 0
project_pos_app/repository/auth_repository/auth.go:54.2,54.35 1 0
project_pos_app/repository/auth_repository/auth.go:54.35,55.53 1 0
project_pos_app/repository/auth_repository/auth.go:55.53,57.4 1 0
project_pos_app/repository/auth_repository/auth.go:59.8,61.51 2 0
project_pos_app/repository/auth_repository/auth.go:61.51,63.4 1 0
project_pos_app/repository/auth_repository/auth.go:66.2,66.33 1 0
project_pos_app/repository/example_repository/example.go:16.69,18.2 1 0
project_pos_app/config/config.go:40.34,56.16 12 0
project_pos_app/config/config.go:56.16,58.3 1 0
project_pos_app/config/config.go:60.2,90.20 2 0
project_pos_app/helper/convert.go:10.61,13.31 2 0
project_pos_app/helper/convert.go:13.31,15.3 1 0
project_pos_app/helper/convert.go:16.2,16.34 1 0
project_pos_app/helper/convert.go:16.34,18.3 1 0
project_pos_app/helper/convert.go:21.2,22.38 2 0
project_pos_app/helper/convert.go:22.38,27.60 3 0
project_pos_app/helper/convert.go:27.60,28.12 1 0
project_pos_app/helper/convert.go:32.3,33.45 2 0
project_pos_app/helper/convert.go:36.2,36.20 1 0
project_pos_app/helper/convert.go:39.68,42.69 2 0
project_pos_app/helper/convert.go:42.69,44.3 1 0
project_pos_app/helper/convert.go:46.2,50.35 3 0
project_pos_app/helper/convert.go:50.35,52.33 2 0
project_pos_app/helper/convert.go:52.33,54.4 1 0
project_pos_app/helper/convert.go:57.3,57.36 1 0
project_pos_app/helper/convert.go:57.36,59.4 1 0
project_pos_app/helper/convert.go:62.3,63.40 2 0
project_pos_app/helper/convert.go:63.40,68.61 3 0
project_pos_app/helper/convert.go:68.61,69.13 1 0
project_pos_app/helper/convert.go:73.4,74.47 2 0
project_pos_app/helper/convert.go:76.3,76.22 1 0
project_pos_app/helper/convert.go:79.2,79.20 1 0
project_pos_app/helper/convert.go:83.44,86.2 2 0
project_pos_app/helper/convert.go:88.114,91.9 2 0
project_pos_app/helper/convert.go:91.9,93.3 1 0
project_pos_app/helper/convert.go:96.2,98.33 2 0
project_pos_app/helper/convert.go:98.33,101.10 2 0
project_pos_app/helper/convert.go:101.10,103.4 1 0
project_pos_app/helper/convert.go:106.3,106.50 1 0
project_pos_app/helper/convert.go:106.50,107.22 1 0
project_pos_app/helper/convert.go:108.15,109.44 1 0
project_pos_app/helper/convert.go:109.44,111.6 1 0
project_pos_app/helper/convert.go:111.11,113.6 1 0
project_pos_app/helper/convert.go:114.18,115.50 1 0
project_pos_app/helper/convert.go:116.19,117.38 1 0
project_pos_app/helper/convert.go:117.38,119.6 1 0
project_pos_app/helper/convert.go:119.11,119.48 1 0
project_pos_app/helper/convert.go:119.48,121.20 2 0
project_pos_app/helper/convert.go:121.20,123.7 1 0
project_pos_app/helper/convert.go:124.6,124.35 1 0
project_pos_app/helper/convert.go:125.11,127.6 1 0
project_pos_app/helper/convert.go:128.12,129.70 1 0
project_pos_app/helper/convert.go:134.3,134.22 1 0
project_pos_app/helper/convert.go:137.2,137.20 1 0
project_pos_app/helper/convert.go:140.111,143.9 2 0
project_pos_app/helper/convert.go:143.9,145.3 1 0
project_pos_app/helper/convert.go:148.2,148.49 1 0
project_pos_app/helper/convert.go:148.49,149.21 1 0
project_pos_app/helper/convert.go:150.14,151.43 1 0
project_pos_app/helper/convert.go:151.43,153.5 1 0
project_pos_app/helper/convert.go:153.10,155.5 1 0
project_pos_app/helper/convert.go:156.17,157.49 1 0
project_pos_app/helper/convert.go:158.18,159.37 1 0
project_pos_app/helper/convert.go:159.37,161.5 1 0
project_pos_app/helper/convert.go:161.10,161.47 1 0
project_pos_app/helper/convert.go:161.47,163.19 2 0
project_pos_app/helper/convert.go:163.19,165.6 1 0
project_pos_app/helper/convert.go:166.5,166.34 1 0
project_pos_app/helper/convert.go:167.10,169.5 1 0
project_pos_app/helper/convert.go:170.11,171.69 1 0
project_pos_app/helper/convert.go:175.2,175.21 1 0
project_pos_app/helper/convert.go:178.102,183.31 2 0
project_pos_app/helper/convert.go:183.31,185.3 1 0
project_pos_app/helper/convert.go:188.2,189.31 2 0
project_pos_app/helper/convert.go:189.31,193.33 2 0
project_pos_app/helper/convert.go:193.33,195.4 1 0
project_pos_app/helper/convert.go:196.3,196.36 1 0
project_pos_app/helper/convert.go:196.36,198.4 1 0
project_pos_app/helper/convert.go:201.3,202.23 2 0
project_pos_app/helper/convert.go:202.23,204.4 1 0
project_pos_app/helper/convert.go:205.3,205.22 1 0
project_pos_app/helper/convert.go:205.22,207.4 1 0
project_pos_app/helper/convert.go:210.3,210.21 1 0
project_pos_app/helper/convert.go:211.14,212.39 1 0
project_pos_app/helper/convert.go:212.39,214.5 1 0
project_pos_app/helper/convert.go:214.10,216.5 1 0
project_pos_app/helper/convert.go:217.17,218.57 1 0
project_pos_app/helper/convert.go:219.18,220.35 1 0
project_pos_app/helper/convert.go:220.35,222.5 1 0
project_pos_app/helper/convert.go:222.10,222.45 1 0
project_pos_app/helper/convert.go:222.45,224.19 2 0
project_pos_app/helper/convert.go:224.19,226.6 1 0
project_pos_app/helper/convert.go:227.5,227.29 1 0
project_pos_app/helper/convert.go:228.10,230.5 1 0
project_pos_app/helper/convert.go:231.11,232.69 1 0
project_pos_app/helper/convert.go:236.3,236.28 1 0
project_pos_app/helper/convert.go:239.2,239.32 1 0
project_pos_app/helper/convert.go:243.70,251.34 3 0
project_pos_app/helper/convert.go:251.34,253.39 1 0
project_pos_app/helper/convert.go:253.39,256.4 2 0
project_pos_app/helper/convert.go:257.8,257.38 1 0
project_pos_app/helper/convert.go:257.38,259.37 1 0
project_pos_app/helper/convert.go:259.37,261.4 1 0
project_pos_app/helper/convert.go:262.8,264.3 1 0
project_pos_app/helper/convert.go:266.2,266.20 1 0
project_pos_app/helper/logger.go:12.54,15.15 2 0
project_pos_app/helper/logger.go:15.15,17.3 1 0
project_pos_app/helper/logger.go:19.2,31.16 3 0
project_pos_app/helper/logger.go:31.16,34.3 2 0
project_pos_app/helper/logger.go:36.2,45.20 5 0
project_pos_app/helper/mockSetup.go:16.48,24.2 4 1
project_pos_app/helper/mockSetup.go:31.63,46.2 9 0
project_pos_app/helper/response.go:17.70,23.2 1 0
project_pos_app/helper/response.go:25.132,35.2 1 0
project_pos_app/mock_testing/mockDB.go:14.73,16.2 1 0
project_pos_app/mock_testing/mockDB.go:18.52,20.2 1 0
project_pos_app/mock_testing/mockDB.go:22.50,24.2 1 0
project_pos_app/mock_testing/mockDB.go:26.73,28.2 1 0
project_pos_app/mock_testing/mockDB.go:30.51,32.2 1 0
project_pos_app/mock_testing/mockDB.go:34.52,36.2 1 0
project_pos_app/mock_testing/mockDB.go:38.56,41.2 2 0
project_pos_app/mock_testing/mockDB.go:43.74,46.54 2 0
project_pos_app/mock_testing/mockDB.go:46.54,49.3 2 0
project_pos_app/mock_testing/mockDB.go:51.2,51.22 1 0
project_pos_app/mock_testing/mockDB.go:54.87,57.2 2 0
project_pos_app/mock_testing/mockDB.go:59.64,61.24 2 0
project_pos_app/mock_testing/mockDB.go:61.24,63.3 1 0
project_pos_app/mock_testing/mockDB.go:65.2,65.27 1 0
project_pos_app/mock_testing/mockDB.go:68.65,70.54 2 0
project_pos_app/mock_testing/mockDB.go:70.54,73.3 2 0
project_pos_app/mock_testing/mockDB.go:75.2,75.22 1 0
project_pos_app/mock_testing/mockDB.go:78.39,80.16 2 0
project_pos_app/mock_testing/mockDB.go:80.16,82.3 1 0
project_pos_app/mock_testing/mockDB.go:84.2,85.54 2 0
project_pos_app/mock_testing/mockDB.go:85.54,87.3 1 0
project_pos_app/mock_testing/mockDB.go:89.2,89.22 1 0
project_pos_app/mock_testing/mockDB.go:92.40,95.54 2 0
project_pos_app/mock_testing/mockDB.go:95.54,96.57 1 0
project_pos_app/mock_testing/mockDB.go:96.57,97.25 1 0
project_pos_app/mock_testing/mockDB.go:97.25,99.5 1 0
project_pos_app/mock_testing/mockDB.go:102.3,102.13 1 0
project_pos_app/mock_testing/mockDB.go:105.2,105.22 1 0
project_pos_app/mock_testing/mockDB.go:110.72,112.24 2 0
project_pos_app/mock_testing/mockDB.go:112.24,114.3 1 0
project_pos_app/mock_testing/mockDB.go:115.2,115.27 1 0
project_pos_app/mock_testing/mockDB.go:118.66,120.44 2 0
project_pos_app/mock_testing/mockDB.go:120.44,122.3 1 0
project_pos_app/mock_testing/mockDB.go:123.2,123.27 1 0
project_pos_app/mock_testing/mockDB.go:126.71,128.60 2 0
project_pos_app/mock_testing/mockDB.go:128.60,130.3 1 0
project_pos_app/mock_testing/mockDB.go:131.2,131.27 1 0
project_pos_app/mock_testing/mockDB.go:134.67,137.2 2 0
project_pos_app/mock_testing/mockDB.go:139.72,141.56 2 0
project_pos_app/mock_testing/mockDB.go:141.56,144.3 2 0
project_pos_app/mock_testing/mockDB.go:145.2,145.27 1 0
project_pos_app/mock_testing/mockDB.go:148.73,151.2 2 0
project_pos_app/mock_testing/mockDB.go:153.76,155.60 2 0
project_pos_app/mock_testing/mockDB.go:155.60,158.3 2 0
project_pos_app/mock_testing/mockDB.go:159.2,159.27 1 0
project_pos_app/mock_testing/mockDB.go:162.79,164.46 2 0
project_pos_app/mock_testing/mockDB.go:164.46,167.3 2 0
project_pos_app/mock_testing/mockDB.go:168.2,168.27 1 0
project_pos_app/model/category.go:18.34,20.27 2 0
project_pos_app/model/category.go:20.27,28.3 1 0
project_pos_app/model/category.go:30.2,30.19 1 0
project_pos_app/model/notif.go:17.50,25.2 1 0
project_pos_app/model/notif.go:27.40,58.2 1 0
project_pos_app/model/order.go:22.27,45.2 1 0
project_pos_app/model/order_product.go:11.41,34.2 1 0
project_pos_app/model/product.go:20.31,44.2 1 0
project_pos_app/model/revenue.go:25.44,38.2 1 0
project_pos_app/model/revenue.go:41.40,63.2 1 0
project_pos_app/repository/repository.go:20.62,27.2 1 0
project_pos_app/repository/auth_repository/auth.go:22.79,24.2 1 0
project_pos_app/repository/auth_repository/auth.go:26.96,33.25 4 0
project_pos_app/repository/auth_repository/auth.go:33.25,34.45 1 0
project_pos_app/repository/auth_repository/auth.go:34.45,36.4 1 0
project_pos_app/repository/auth_repository/auth.go:37.3,37.31 1 0
project_pos_app/repository/auth_repository/auth.go:40.2,50.49 4 0
project_pos_app/repository/auth_repository/auth.go:50.49,52.3 1 0
project_pos_app/repository/auth_repository/auth.go:54.2,54.35 1 0
project_pos_app/repository/auth_repository/auth.go:54.35,55.53 1 0
project_pos_app/repository/auth_repository/auth.go:55.53,57.4 1 0
project_pos_app/repository/auth_repository/auth.go:59.8,61.51 2 0
project_pos_app/repository/auth_repository/auth.go:61.51,63.4 1 0
project_pos_app/repository/auth_repository/auth.go:66.2,66.33 1 0
project_pos_app/repository/notification/notif_repository.go:25.68,27.2 1 1
project_pos_app/repository/notification/notif_repository.go:29.59,30.49 1 1
project_pos_app/repository/notification/notif_repository.go:30.49,32.3 1 1
project_pos_app/repository/notification/notif_repository.go:34.2,34.12 1 1
project_pos_app/repository/notification/notif_repository.go:37.77,39.18 2 1
project_pos_app/repository/notification/notif_repository.go:39.18,41.3 1 1
project_pos_app/repository/notification/notif_repository.go:43.2,43.73 1 1
project_pos_app/repository/notification/notif_repository.go:43.73,46.3 2 1
project_pos_app/repository/notification/notif_repository.go:48.2,48.12 1 1
project_pos_app/repository/notification/notif_repository.go:51.67,54.16 3 1
project_pos_app/repository/notification/notif_repository.go:54.16,57.3 2 1
project_pos_app/repository/notification/notif_repository.go:58.2,58.19 1 1
project_pos_app/repository/notification/notif_repository.go:61.68,64.16 3 1
project_pos_app/repository/notification/notif_repository.go:64.16,67.3 2 1
project_pos_app/repository/notification/notif_repository.go:69.2,70.47 2 1
project_pos_app/repository/notification/notif_repository.go:70.47,73.3 2 0
project_pos_app/repository/notification/notif_repository.go:75.2,75.12 1 1
project_pos_app/repository/notification/notif_repository.go:78.42,79.69 1 1
project_pos_app/repository/notification/notif_repository.go:79.69,82.3 2 1
project_pos_app/repository/notification/notif_repository.go:84.2,84.12 1 1
project_pos_app/repository/notification/notif_repository.go:87.43,88.118 1 1
project_pos_app/repository/notification/notif_repository.go:88.118,91.3 2 1
project_pos_app/repository/notification/notif_repository.go:93.2,93.12 1 1
project_pos_app/router/router.go:11.59,21.2 6 0
project_pos_app/router/router.go:23.71,25.2 2 0
project_pos_app/router/router.go:25.2,32.3 6 0
project_pos_app/router/router.go:35.66,37.2 2 0
project_pos_app/router/router.go:37.2,41.3 3 0
project_pos_app/service/service.go:20.81,27.2 1 0
project_pos_app/service/auth_service/auth.go:19.95,21.2 1 0
project_pos_app/service/auth_service/auth.go:23.100,26.16 2 0
project_pos_app/service/auth_service/auth.go:26.16,28.3 1 0
project_pos_app/service/auth_service/auth.go:30.2,30.28 1 0
project_pos_app/config/config.go:40.34,56.16 12 0
project_pos_app/config/config.go:56.16,58.3 1 0
project_pos_app/config/config.go:60.2,90.20 2 0
project_pos_app/helper/convert.go:10.61,13.31 2 0
project_pos_app/helper/convert.go:13.31,15.3 1 0
project_pos_app/helper/convert.go:16.2,16.34 1 0
project_pos_app/helper/convert.go:16.34,18.3 1 0
project_pos_app/helper/convert.go:21.2,22.38 2 0
project_pos_app/helper/convert.go:22.38,27.60 3 0
project_pos_app/helper/convert.go:27.60,28.12 1 0
project_pos_app/helper/convert.go:32.3,33.45 2 0
project_pos_app/helper/convert.go:36.2,36.20 1 0
project_pos_app/helper/convert.go:39.68,42.69 2 0
project_pos_app/helper/convert.go:42.69,44.3 1 0
project_pos_app/helper/convert.go:46.2,50.35 3 0
project_pos_app/helper/convert.go:50.35,52.33 2 0
project_pos_app/helper/convert.go:52.33,54.4 1 0
project_pos_app/helper/convert.go:57.3,57.36 1 0
project_pos_app/helper/convert.go:57.36,59.4 1 0
project_pos_app/helper/convert.go:62.3,63.40 2 0
project_pos_app/helper/convert.go:63.40,68.61 3 0
project_pos_app/helper/convert.go:68.61,69.13 1 0
project_pos_app/helper/convert.go:73.4,74.47 2 0
project_pos_app/helper/convert.go:76.3,76.22 1 0
project_pos_app/helper/convert.go:79.2,79.20 1 0
project_pos_app/helper/convert.go:83.44,86.2 2 0
project_pos_app/helper/convert.go:88.114,91.9 2 0
project_pos_app/helper/convert.go:91.9,93.3 1 0
project_pos_app/helper/convert.go:96.2,98.33 2 0
project_pos_app/helper/convert.go:98.33,101.10 2 0
project_pos_app/helper/convert.go:101.10,103.4 1 0
project_pos_app/helper/convert.go:106.3,106.50 1 0
project_pos_app/helper/convert.go:106.50,107.22 1 0
project_pos_app/helper/convert.go:108.15,109.44 1 0
project_pos_app/helper/convert.go:109.44,111.6 1 0
project_pos_app/helper/convert.go:111.11,113.6 1 0
project_pos_app/helper/convert.go:114.18,115.50 1 0
project_pos_app/helper/convert.go:116.19,117.38 1 0
project_pos_app/helper/convert.go:117.38,119.6 1 0
project_pos_app/helper/convert.go:119.11,119.48 1 0
project_pos_app/helper/convert.go:119.48,121.20 2 0
project_pos_app/helper/convert.go:121.20,123.7 1 0
project_pos_app/helper/convert.go:124.6,124.35 1 0
project_pos_app/helper/convert.go:125.11,127.6 1 0
project_pos_app/helper/convert.go:128.12,129.70 1 0
project_pos_app/helper/convert.go:134.3,134.22 1 0
project_pos_app/helper/convert.go:137.2,137.20 1 0
project_pos_app/helper/convert.go:140.111,143.9 2 0
project_pos_app/helper/convert.go:143.9,145.3 1 0
project_pos_app/helper/convert.go:148.2,148.49 1 0
project_pos_app/helper/convert.go:148.49,149.21 1 0
project_pos_app/helper/convert.go:150.14,151.43 1 0
project_pos_app/helper/convert.go:151.43,153.5 1 0
project_pos_app/helper/convert.go:153.10,155.5 1 0
project_pos_app/helper/convert.go:156.17,157.49 1 0
project_pos_app/helper/convert.go:158.18,159.37 1 0
project_pos_app/helper/convert.go:159.37,161.5 1 0
project_pos_app/helper/convert.go:161.10,161.47 1 0
project_pos_app/helper/convert.go:161.47,163.19 2 0
project_pos_app/helper/convert.go:163.19,165.6 1 0
project_pos_app/helper/convert.go:166.5,166.34 1 0
project_pos_app/helper/convert.go:167.10,169.5 1 0
project_pos_app/helper/convert.go:170.11,171.69 1 0
project_pos_app/helper/convert.go:175.2,175.21 1 0
project_pos_app/helper/convert.go:178.102,183.31 2 0
project_pos_app/helper/convert.go:183.31,185.3 1 0
project_pos_app/helper/convert.go:188.2,189.31 2 0
project_pos_app/helper/convert.go:189.31,193.33 2 0
project_pos_app/helper/convert.go:193.33,195.4 1 0
project_pos_app/helper/convert.go:196.3,196.36 1 0
project_pos_app/helper/convert.go:196.36,198.4 1 0
project_pos_app/helper/convert.go:201.3,202.23 2 0
project_pos_app/helper/convert.go:202.23,204.4 1 0
project_pos_app/helper/convert.go:205.3,205.22 1 0
project_pos_app/helper/convert.go:205.22,207.4 1 0
project_pos_app/helper/convert.go:210.3,210.21 1 0
project_pos_app/helper/convert.go:211.14,212.39 1 0
project_pos_app/helper/convert.go:212.39,214.5 1 0
project_pos_app/helper/convert.go:214.10,216.5 1 0
project_pos_app/helper/convert.go:217.17,218.57 1 0
project_pos_app/helper/convert.go:219.18,220.35 1 0
project_pos_app/helper/convert.go:220.35,222.5 1 0
project_pos_app/helper/convert.go:222.10,222.45 1 0
project_pos_app/helper/convert.go:222.45,224.19 2 0
project_pos_app/helper/convert.go:224.19,226.6 1 0
project_pos_app/helper/convert.go:227.5,227.29 1 0
project_pos_app/helper/convert.go:228.10,230.5 1 0
project_pos_app/helper/convert.go:231.11,232.69 1 0
project_pos_app/helper/convert.go:236.3,236.28 1 0
project_pos_app/helper/convert.go:239.2,239.32 1 0
project_pos_app/helper/convert.go:243.70,251.34 3 0
project_pos_app/helper/convert.go:251.34,253.39 1 0
project_pos_app/helper/convert.go:253.39,256.4 2 0
project_pos_app/helper/convert.go:257.8,257.38 1 0
project_pos_app/helper/convert.go:257.38,259.37 1 0
project_pos_app/helper/convert.go:259.37,261.4 1 0
project_pos_app/helper/convert.go:262.8,264.3 1 0
project_pos_app/helper/convert.go:266.2,266.20 1 0
project_pos_app/helper/logger.go:12.54,15.15 2 0
project_pos_app/helper/logger.go:15.15,17.3 1 0
project_pos_app/helper/logger.go:19.2,31.16 3 0
project_pos_app/helper/logger.go:31.16,34.3 2 0
project_pos_app/helper/logger.go:36.2,45.20 5 0
project_pos_app/helper/mockSetup.go:16.48,24.2 4 1
project_pos_app/helper/mockSetup.go:31.63,46.2 9 0
project_pos_app/helper/response.go:17.70,23.2 1 0
project_pos_app/helper/response.go:25.132,35.2 1 0
project_pos_app/mock_testing/mockDB.go:14.73,16.2 1 0
project_pos_app/mock_testing/mockDB.go:18.52,20.2 1 0
project_pos_app/mock_testing/mockDB.go:22.50,24.2 1 0
project_pos_app/mock_testing/mockDB.go:26.73,28.2 1 0
project_pos_app/mock_testing/mockDB.go:30.51,32.2 1 0
project_pos_app/mock_testing/mockDB.go:34.52,36.2 1 0
project_pos_app/mock_testing/mockDB.go:38.56,41.2 2 0
project_pos_app/mock_testing/mockDB.go:43.74,46.54 2 0
project_pos_app/mock_testing/mockDB.go:46.54,49.3 2 0
project_pos_app/mock_testing/mockDB.go:51.2,51.22 1 0
project_pos_app/mock_testing/mockDB.go:54.87,57.2 2 0
project_pos_app/mock_testing/mockDB.go:59.64,61.24 2 0
project_pos_app/mock_testing/mockDB.go:61.24,63.3 1 0
project_pos_app/mock_testing/mockDB.go:65.2,65.27 1 0
project_pos_app/mock_testing/mockDB.go:68.65,70.54 2 0
project_pos_app/mock_testing/mockDB.go:70.54,73.3 2 0
project_pos_app/mock_testing/mockDB.go:75.2,75.22 1 0
project_pos_app/mock_testing/mockDB.go:78.39,80.16 2 0
project_pos_app/mock_testing/mockDB.go:80.16,82.3 1 0
project_pos_app/mock_testing/mockDB.go:84.2,85.54 2 0
project_pos_app/mock_testing/mockDB.go:85.54,87.3 1 0
project_pos_app/mock_testing/mockDB.go:89.2,89.22 1 0
project_pos_app/mock_testing/mockDB.go:92.40,95.54 2 0
project_pos_app/mock_testing/mockDB.go:95.54,96.57 1 0
project_pos_app/mock_testing/mockDB.go:96.57,97.25 1 0
project_pos_app/mock_testing/mockDB.go:97.25,99.5 1 0
project_pos_app/mock_testing/mockDB.go:102.3,102.13 1 0
project_pos_app/mock_testing/mockDB.go:105.2,105.22 1 0
project_pos_app/mock_testing/mockDB.go:110.72,112.24 2 0
project_pos_app/mock_testing/mockDB.go:112.24,114.3 1 0
project_pos_app/mock_testing/mockDB.go:115.2,115.27 1 0
project_pos_app/mock_testing/mockDB.go:118.66,120.44 2 0
project_pos_app/mock_testing/mockDB.go:120.44,122.3 1 0
project_pos_app/mock_testing/mockDB.go:123.2,123.27 1 0
project_pos_app/mock_testing/mockDB.go:126.71,128.60 2 0
project_pos_app/mock_testing/mockDB.go:128.60,130.3 1 0
project_pos_app/mock_testing/mockDB.go:131.2,131.27 1 0
project_pos_app/mock_testing/mockDB.go:134.67,137.2 2 0
project_pos_app/mock_testing/mockDB.go:139.72,141.56 2 0
project_pos_app/mock_testing/mockDB.go:141.56,144.3 2 0
project_pos_app/mock_testing/mockDB.go:145.2,145.27 1 0
project_pos_app/mock_testing/mockDB.go:148.73,151.2 2 0
project_pos_app/mock_testing/mockDB.go:153.76,155.60 2 0
project_pos_app/mock_testing/mockDB.go:155.60,158.3 2 0
project_pos_app/mock_testing/mockDB.go:159.2,159.27 1 0
project_pos_app/mock_testing/mockDB.go:162.79,164.46 2 0
project_pos_app/mock_testing/mockDB.go:164.46,167.3 2 0
project_pos_app/mock_testing/mockDB.go:168.2,168.27 1 0
project_pos_app/model/category.go:18.34,20.27 2 0
project_pos_app/model/category.go:20.27,28.3 1 0
project_pos_app/model/category.go:30.2,30.19 1 0
project_pos_app/model/notif.go:17.50,25.2 1 0
project_pos_app/model/notif.go:27.40,58.2 1 0
project_pos_app/model/order.go:22.27,45.2 1 0
project_pos_app/model/order_product.go:11.41,34.2 1 0
project_pos_app/model/product.go:20.31,44.2 1 0
project_pos_app/model/revenue.go:25.44,38.2 1 0
project_pos_app/model/revenue.go:41.40,63.2 1 0
project_pos_app/repository/repository.go:20.62,27.2 1 0
project_pos_app/repository/auth_repository/auth.go:22.79,24.2 1 0
project_pos_app/repository/auth_repository/auth.go:26.96,33.25 4 0
project_pos_app/repository/auth_repository/auth.go:33.25,34.45 1 0
project_pos_app/repository/auth_repository/auth.go:34.45,36.4 1 0
project_pos_app/repository/auth_repository/auth.go:37.3,37.31 1 0
project_pos_app/repository/auth_repository/auth.go:40.2,50.49 4 0
project_pos_app/repository/auth_repository/auth.go:50.49,52.3 1 0
project_pos_app/repository/auth_repository/auth.go:54.2,54.35 1 0
project_pos_app/repository/auth_repository/auth.go:54.35,55.53 1 0
project_pos_app/repository/auth_repository/auth.go:55.53,57.4 1 0
project_pos_app/repository/auth_repository/auth.go:59.8,61.51 2 0
project_pos_app/repository/auth_repository/auth.go:61.51,63.4 1 0
project_pos_app/repository/auth_repository/auth.go:66.2,66.33 1 0
project_pos_app/repository/revenue_repository/revenue_repository.go:28.84,33.2 1 1
project_pos_app/repository/revenue_repository/revenue_repository.go:35.90,39.2 3 1
project_pos_app/repository/revenue_repository/revenue_repository.go:41.82,46.16 3 1
project_pos_app/repository/revenue_repository/revenue_repository.go:46.16,48.3 1 1
project_pos_app/repository/revenue_repository/revenue_repository.go:50.2,50.29 1 1
project_pos_app/repository/revenue_repository/revenue_repository.go:53.83,66.16 4 1
project_pos_app/repository/revenue_repository/revenue_repository.go:66.16,68.3 1 1
project_pos_app/repository/revenue_repository/revenue_repository.go:70.2,70.30 1 1
project_pos_app/repository/revenue_repository/revenue_repository.go:70.30,72.3 1 1
project_pos_app/repository/revenue_repository/revenue_repository.go:74.2,74.26 1 1
project_pos_app/repository/revenue_repository/revenue_repository.go:77.77,96.16 5 0
project_pos_app/repository/revenue_repository/revenue_repository.go:96.16,98.3 1 0
project_pos_app/repository/revenue_repository/revenue_repository.go:100.2,100.30 1 0
project_pos_app/repository/revenue_repository/revenue_repository.go:100.30,102.3 1 0
project_pos_app/repository/revenue_repository/revenue_repository.go:104.2,104.28 1 0
project_pos_app/repository/revenue_repository/revenue_repository.go:107.83,116.2 3 1
project_pos_app/repository/revenue_repository/revenue_repository.go:118.78,120.24 1 1
project_pos_app/repository/revenue_repository/revenue_repository.go:120.24,122.3 1 1
project_pos_app/repository/revenue_repository/revenue_repository.go:123.2,123.23 1 1
project_pos_app/repository/revenue_repository/revenue_repository.go:123.23,125.3 1 1
project_pos_app/repository/revenue_repository/revenue_repository.go:126.2,126.30 1 1
project_pos_app/repository/revenue_repository/revenue_repository.go:126.30,128.3 1 1
project_pos_app/repository/revenue_repository/revenue_repository.go:131.2,132.21 2 1
project_pos_app/repository/revenue_repository/revenue_repository.go:132.21,135.3 1 0
project_pos_app/repository/revenue_repository/revenue_repository.go:136.2,136.15 1 1
project_pos_app/repository/revenue_repository/revenue_repository.go:136.15,137.31 1 1
project_pos_app/repository/revenue_repository/revenue_repository.go:137.31,139.4 1 0
project_pos_app/repository/revenue_repository/revenue_repository.go:143.2,146.25 3 1
project_pos_app/repository/revenue_repository/revenue_repository.go:146.25,148.71 1 1
project_pos_app/repository/revenue_repository/revenue_repository.go:148.71,152.4 2 0
project_pos_app/repository/revenue_repository/revenue_repository.go:153.8,153.60 1 1
project_pos_app/repository/revenue_repository/revenue_repository.go:153.60,155.49 1 1
project_pos_app/repository/revenue_repository/revenue_repository.go:155.49,159.4 2 0
project_pos_app/repository/revenue_repository/revenue_repository.go:160.8,164.3 1 1
project_pos_app/repository/revenue_repository/revenue_repository.go:167.2,168.12 2 1
project_pos_app/repository/revenue_repository/revenue_repository.go:171.87,183.2 3 1
project_pos_app/repository/revenue_repository/revenue_repository.go:185.84,187.31 1 1
project_pos_app/repository/revenue_repository/revenue_repository.go:187.31,189.3 1 1
project_pos_app/repository/revenue_repository/revenue_repository.go:190.2,190.28 1 1
project_pos_app/repository/revenue_repository/revenue_repository.go:190.28,192.3 1 1
project_pos_app/repository/revenue_repository/revenue_repository.go:193.2,193.34 1 1
project_pos_app/repository/revenue_repository/revenue_repository.go:193.34,195.3 1 1
project_pos_app/repository/revenue_repository/revenue_repository.go:198.2,199.21 2 1
project_pos_app/repository/revenue_repository/revenue_repository.go:199.21,202.3 1 0
project_pos_app/repository/revenue_repository/revenue_repository.go:203.2,203.15 1 1
project_pos_app/repository/revenue_repository/revenue_repository.go:203.15,204.31 1 1
project_pos_app/repository/revenue_repository/revenue_repository.go:204.31,206.4 1 0
project_pos_app/repository/revenue_repository/revenue_repository.go:210.2,213.25 3 1
project_pos_app/repository/revenue_repository/revenue_repository.go:213.25,215.75 1 1
project_pos_app/repository/revenue_repository/revenue_repository.go:215.75,219.4 2 0
project_pos_app/repository/revenue_repository/revenue_repository.go:220.8,220.60 1 1
project_pos_app/repository/revenue_repository/revenue_repository.go:220.60,222.51 1 1
project_pos_app/repository/revenue_repository/revenue_repository.go:222.51,226.4 2 0
project_pos_app/repository/revenue_repository/revenue_repository.go:227.8,231.3 1 0
project_pos_app/repository/revenue_repository/revenue_repository.go:234.2,234.42 1 1
project_pos_app/repository/revenue_repository/revenue_repository.go:234.42,236.3 1 0
project_pos_app/repository/revenue_repository/revenue_repository.go:238.2,238.12 1 1
project_pos_app/model/category.go:18.34,20.27 2 0
project_pos_app/model/category.go:20.27,28.3 1 0
project_pos_app/model/category.go:30.2,30.19 1 0
project_pos_app/model/notif.go:17.50,25.2 1 0
project_pos_app/model/notif.go:27.40,58.2 1 0
project_pos_app/model/order.go:22.27,45.2 1 0
project_pos_app/model/order_product.go:11.41,34.2 1 0
project_pos_app/model/product.go:20.31,44.2 1 0
project_pos_app/model/revenue.go:25.44,38.2 1 0
project_pos_app/model/revenue.go:41.40,63.2 1 0
project_pos_app/repository/repository.go:20.62,27.2 1 0
project_pos_app/repository/auth_repository/auth.go:22.79,24.2 1 0
project_pos_app/repository/auth_repository/auth.go:26.96,33.25 4 0
project_pos_app/repository/auth_repository/auth.go:33.25,34.45 1 0
project_pos_app/repository/auth_repository/auth.go:34.45,36.4 1 0
project_pos_app/repository/auth_repository/auth.go:37.3,37.31 1 0
project_pos_app/repository/auth_repository/auth.go:40.2,50.49 4 0
project_pos_app/repository/auth_repository/auth.go:50.49,52.3 1 0
project_pos_app/repository/auth_repository/auth.go:54.2,54.35 1 0
project_pos_app/repository/auth_repository/auth.go:54.35,55.53 1 0
project_pos_app/repository/auth_repository/auth.go:55.53,57.4 1 0
project_pos_app/repository/auth_repository/auth.go:59.8,61.51 2 0
project_pos_app/repository/auth_repository/auth.go:61.51,63.4 1 0
project_pos_app/repository/auth_repository/auth.go:66.2,66.33 1 0
project_pos_app/service/example_service/example.go:17.88,19.2 1 0
project_pos_app/config/config.go:40.34,56.16 12 0
project_pos_app/config/config.go:56.16,58.3 1 0
project_pos_app/config/config.go:60.2,90.20 2 0
project_pos_app/helper/convert.go:10.61,13.31 2 0
project_pos_app/helper/convert.go:13.31,15.3 1 0
project_pos_app/helper/convert.go:16.2,16.34 1 0
project_pos_app/helper/convert.go:16.34,18.3 1 0
project_pos_app/helper/convert.go:21.2,22.38 2 0
project_pos_app/helper/convert.go:22.38,27.60 3 0
project_pos_app/helper/convert.go:27.60,28.12 1 0
project_pos_app/helper/convert.go:32.3,33.45 2 0
project_pos_app/helper/convert.go:36.2,36.20 1 0
project_pos_app/helper/convert.go:39.68,42.69 2 0
project_pos_app/helper/convert.go:42.69,44.3 1 0
project_pos_app/helper/convert.go:46.2,50.35 3 0
project_pos_app/helper/convert.go:50.35,52.33 2 0
project_pos_app/helper/convert.go:52.33,54.4 1 0
project_pos_app/helper/convert.go:57.3,57.36 1 0
project_pos_app/helper/convert.go:57.36,59.4 1 0
project_pos_app/helper/convert.go:62.3,63.40 2 0
project_pos_app/helper/convert.go:63.40,68.61 3 0
project_pos_app/helper/convert.go:68.61,69.13 1 0
project_pos_app/helper/convert.go:73.4,74.47 2 0
project_pos_app/helper/convert.go:76.3,76.22 1 0
project_pos_app/helper/convert.go:79.2,79.20 1 0
project_pos_app/helper/convert.go:83.44,86.2 2 0
project_pos_app/helper/convert.go:88.114,91.9 2 0
project_pos_app/helper/convert.go:91.9,93.3 1 0
project_pos_app/helper/convert.go:96.2,98.33 2 0
project_pos_app/helper/convert.go:98.33,101.10 2 0
project_pos_app/helper/convert.go:101.10,103.4 1 0
project_pos_app/helper/convert.go:106.3,106.50 1 0
project_pos_app/helper/convert.go:106.50,107.22 1 0
project_pos_app/helper/convert.go:108.15,109.44 1 0
project_pos_app/helper/convert.go:109.44,111.6 1 0
project_pos_app/helper/convert.go:111.11,113.6 1 0
project_pos_app/helper/convert.go:114.18,115.50 1 0
project_pos_app/helper/convert.go:116.19,117.38 1 0
project_pos_app/helper/convert.go:117.38,119.6 1 0
project_pos_app/helper/convert.go:119.11,119.48 1 0
project_pos_app/helper/convert.go:119.48,121.20 2 0
project_pos_app/helper/convert.go:121.20,123.7 1 0
project_pos_app/helper/convert.go:124.6,124.35 1 0
project_pos_app/helper/convert.go:125.11,127.6 1 0
project_pos_app/helper/convert.go:128.12,129.70 1 0
project_pos_app/helper/convert.go:134.3,134.22 1 0
project_pos_app/helper/convert.go:137.2,137.20 1 0
project_pos_app/helper/convert.go:140.111,143.9 2 0
project_pos_app/helper/convert.go:143.9,145.3 1 0
project_pos_app/helper/convert.go:148.2,148.49 1 0
project_pos_app/helper/convert.go:148.49,149.21 1 0
project_pos_app/helper/convert.go:150.14,151.43 1 0
project_pos_app/helper/convert.go:151.43,153.5 1 0
project_pos_app/helper/convert.go:153.10,155.5 1 0
project_pos_app/helper/convert.go:156.17,157.49 1 0
project_pos_app/helper/convert.go:158.18,159.37 1 0
project_pos_app/helper/convert.go:159.37,161.5 1 0
project_pos_app/helper/convert.go:161.10,161.47 1 0
project_pos_app/helper/convert.go:161.47,163.19 2 0
project_pos_app/helper/convert.go:163.19,165.6 1 0
project_pos_app/helper/convert.go:166.5,166.34 1 0
project_pos_app/helper/convert.go:167.10,169.5 1 0
project_pos_app/helper/convert.go:170.11,171.69 1 0
project_pos_app/helper/convert.go:175.2,175.21 1 0
project_pos_app/helper/convert.go:178.102,183.31 2 0
project_pos_app/helper/convert.go:183.31,185.3 1 0
project_pos_app/helper/convert.go:188.2,189.31 2 0
project_pos_app/helper/convert.go:189.31,193.33 2 0
project_pos_app/helper/convert.go:193.33,195.4 1 0
project_pos_app/helper/convert.go:196.3,196.36 1 0
project_pos_app/helper/convert.go:196.36,198.4 1 0
project_pos_app/helper/convert.go:201.3,202.23 2 0
project_pos_app/helper/convert.go:202.23,204.4 1 0
project_pos_app/helper/convert.go:205.3,205.22 1 0
project_pos_app/helper/convert.go:205.22,207.4 1 0
project_pos_app/helper/convert.go:210.3,210.21 1 0
project_pos_app/helper/convert.go:211.14,212.39 1 0
project_pos_app/helper/convert.go:212.39,214.5 1 0
project_pos_app/helper/convert.go:214.10,216.5 1 0
project_pos_app/helper/convert.go:217.17,218.57 1 0
project_pos_app/helper/convert.go:219.18,220.35 1 0
project_pos_app/helper/convert.go:220.35,222.5 1 0
project_pos_app/helper/convert.go:222.10,222.45 1 0
project_pos_app/helper/convert.go:222.45,224.19 2 0
project_pos_app/helper/convert.go:224.19,226.6 1 0
project_pos_app/helper/convert.go:227.5,227.29 1 0
project_pos_app/helper/convert.go:228.10,230.5 1 0
project_pos_app/helper/convert.go:231.11,232.69 1 0
project_pos_app/helper/convert.go:236.3,236.28 1 0
project_pos_app/helper/convert.go:239.2,239.32 1 0
project_pos_app/helper/convert.go:243.70,251.34 3 0
project_pos_app/helper/convert.go:251.34,253.39 1 0
project_pos_app/helper/convert.go:253.39,256.4 2 0
project_pos_app/helper/convert.go:257.8,257.38 1 0
project_pos_app/helper/convert.go:257.38,259.37 1 0
project_pos_app/helper/convert.go:259.37,261.4 1 0
project_pos_app/helper/convert.go:262.8,264.3 1 0
project_pos_app/helper/convert.go:266.2,266.20 1 0
project_pos_app/helper/logger.go:12.54,15.15 2 0
project_pos_app/helper/logger.go:15.15,17.3 1 0
project_pos_app/helper/logger.go:19.2,31.16 3 0
project_pos_app/helper/logger.go:31.16,34.3 2 0
project_pos_app/helper/logger.go:36.2,45.20 5 0
project_pos_app/helper/mockSetup.go:16.48,24.2 4 0
project_pos_app/helper/mockSetup.go:31.63,46.2 9 1
project_pos_app/helper/response.go:17.70,23.2 1 0
project_pos_app/helper/response.go:25.132,35.2 1 0
project_pos_app/mock_testing/mockDB.go:14.73,16.2 1 0
project_pos_app/mock_testing/mockDB.go:18.52,20.2 1 0
project_pos_app/mock_testing/mockDB.go:22.50,24.2 1 0
project_pos_app/mock_testing/mockDB.go:26.73,28.2 1 0
project_pos_app/mock_testing/mockDB.go:30.51,32.2 1 0
project_pos_app/mock_testing/mockDB.go:34.52,36.2 1 0
project_pos_app/mock_testing/mockDB.go:38.56,41.2 2 1
project_pos_app/mock_testing/mockDB.go:43.74,46.54 2 1
project_pos_app/mock_testing/mockDB.go:46.54,49.3 2 1
project_pos_app/mock_testing/mockDB.go:51.2,51.22 1 0
project_pos_app/mock_testing/mockDB.go:54.87,57.2 2 0
project_pos_app/mock_testing/mockDB.go:59.64,61.24 2 1
project_pos_app/mock_testing/mockDB.go:61.24,63.3 1 1
project_pos_app/mock_testing/mockDB.go:65.2,65.27 1 1
project_pos_app/mock_testing/mockDB.go:68.65,70.54 2 1
project_pos_app/mock_testing/mockDB.go:70.54,73.3 2 1
project_pos_app/mock_testing/mockDB.go:75.2,75.22 1 0
project_pos_app/mock_testing/mockDB.go:78.39,80.16 2 1
project_pos_app/mock_testing/mockDB.go:80.16,82.3 1 0
project_pos_app/mock_testing/mockDB.go:84.2,85.54 2 1
project_pos_app/mock_testing/mockDB.go:85.54,87.3 1 1
project_pos_app/mock_testing/mockDB.go:89.2,89.22 1 0
project_pos_app/mock_testing/mockDB.go:92.40,95.54 2 1
project_pos_app/mock_testing/mockDB.go:95.54,96.57 1 1
project_pos_app/mock_testing/mockDB.go:96.57,97.25 1 1
project_pos_app/mock_testing/mockDB.go:97.25,99.5 1 1
project_pos_app/mock_testing/mockDB.go:102.3,102.13 1 1
project_pos_app/mock_testing/mockDB.go:105.2,105.22 1 0
project_pos_app/mock_testing/mockDB.go:110.72,112.24 2 0
project_pos_app/mock_testing/mockDB.go:112.24,114.3 1 0
project_pos_app/mock_testing/mockDB.go:115.2,115.27 1 0
project_pos_app/mock_testing/mockDB.go:118.66,120.44 2 0
project_pos_app/mock_testing/mockDB.go:120.44,122.3 1 0
project_pos_app/mock_testing/mockDB.go:123.2,123.27 1 0
project_pos_app/mock_testing/mockDB.go:126.71,128.60 2 0
project_pos_app/mock_testing/mockDB.go:128.60,130.3 1 0
project_pos_app/mock_testing/mockDB.go:131.2,131.27 1 0
project_pos_app/mock_testing/mockDB.go:134.67,137.2 2 0
project_pos_app/mock_testing/mockDB.go:139.72,141.56 2 0
project_pos_app/mock_testing/mockDB.go:141.56,144.3 2 0
project_pos_app/mock_testing/mockDB.go:145.2,145.27 1 0
project_pos_app/mock_testing/mockDB.go:148.73,151.2 2 0
project_pos_app/mock_testing/mockDB.go:153.76,155.60 2 0
project_pos_app/mock_testing/mockDB.go:155.60,158.3 2 0
project_pos_app/mock_testing/mockDB.go:159.2,159.27 1 0
project_pos_app/mock_testing/mockDB.go:162.79,164.46 2 0
project_pos_app/mock_testing/mockDB.go:164.46,167.3 2 0
project_pos_app/mock_testing/mockDB.go:168.2,168.27 1 0
project_pos_app/model/category.go:18.34,20.27 2 0
project_pos_app/model/category.go:20.27,28.3 1 0
project_pos_app/model/category.go:30.2,30.19 1 0
project_pos_app/model/notif.go:17.50,25.2 1 0
project_pos_app/model/notif.go:27.40,58.2 1 0
project_pos_app/model/order.go:22.27,45.2 1 0
project_pos_app/model/order_product.go:11.41,34.2 1 0
project_pos_app/model/product.go:20.31,44.2 1 0
project_pos_app/model/revenue.go:25.44,38.2 1 0
project_pos_app/model/revenue.go:41.40,63.2 1 0
project_pos_app/repository/repository.go:20.62,27.2 1 0
project_pos_app/repository/auth_repository/auth.go:22.79,24.2 1 0
project_pos_app/repository/auth_repository/auth.go:26.96,33.25 4 0
project_pos_app/repository/auth_repository/auth.go:33.25,34.45 1 0
project_pos_app/repository/auth_repository/auth.go:34.45,36.4 1 0
project_pos_app/repository/auth_repository/auth.go:37.3,37.31 1 0
project_pos_app/repository/auth_repository/auth.go:40.2,50.49 4 0
project_pos_app/repository/auth_repository/auth.go:50.49,52.3 1 0
project_pos_app/repository/auth_repository/auth.go:54.2,54.35 1 0
project_pos_app/repository/auth_repository/auth.go:54.35,55.53 1 0
project_pos_app/repository/auth_repository/auth.go:55.53,57.4 1 0
project_pos_app/repository/auth_repository/auth.go:59.8,61.51 2 0
project_pos_app/repository/auth_repository/auth.go:61.51,63.4 1 0
project_pos_app/repository/auth_repository/auth.go:66.2,66.33 1 0
project_pos_app/service/service.go:20.81,27.2 1 0
project_pos_app/service/auth_service/auth.go:19.95,21.2 1 0
project_pos_app/service/auth_service/auth.go:23.100,26.16 2 0
project_pos_app/service/auth_service/auth.go:26.16,28.3 1 0
project_pos_app/service/auth_service/auth.go:30.2,30.28 1 0
project_pos_app/service/notif_service/notif_service.go:26.93,31.2 1 1
project_pos_app/service/notif_service/notif_service.go:33.74,36.23 3 1
project_pos_app/service/notif_service/notif_service.go:36.23,38.3 1 1
project_pos_app/service/notif_service/notif_service.go:39.2,42.22 3 1
project_pos_app/service/notif_service/notif_service.go:42.22,44.3 1 1
project_pos_app/service/notif_service/notif_service.go:46.2,46.34 1 1
project_pos_app/service/notif_service/notif_service.go:49.89,51.68 2 1
project_pos_app/service/notif_service/notif_service.go:51.68,54.3 2 0
project_pos_app/service/notif_service/notif_service.go:55.2,55.27 1 1
project_pos_app/service/notif_service/notif_service.go:58.81,60.16 2 1
project_pos_app/service/notif_service/notif_service.go:60.16,63.3 2 1
project_pos_app/service/notif_service/notif_service.go:65.2,65.30 1 1
project_pos_app/service/notif_service/notif_service.go:65.30,67.3 1 0
project_pos_app/service/notif_service/notif_service.go:69.2,69.26 1 1
project_pos_app/service/notif_service/notif_service.go:72.57,74.16 2 1
project_pos_app/service/notif_service/notif_service.go:74.16,77.3 2 0
project_pos_app/service/notif_service/notif_service.go:79.2,79.30 1 1
project_pos_app/service/notif_service/notif_service.go:79.30,81.3 1 1
project_pos_app/service/notif_service/notif_service.go:83.2,84.62 2 1
project_pos_app/service/notif_service/notif_service.go:84.62,87.3 2 0
project_pos_app/service/notif_service/notif_service.go:89.2,89.12 1 1
project_pos_app/service/notif_service/notif_service.go:92.57,94.16 2 1
project_pos_app/service/notif_service/notif_service.go:94.16,97.3 2 0
project_pos_app/service/notif_service/notif_service.go:99.2,99.23 1 1
project_pos_app/service/notif_service/notif_service.go:99.23,101.3 1 1
project_pos_app/service/notif_service/notif_service.go:103.2,103.48 1 1
project_pos_app/service/notif_service/notif_service.go:103.48,106.3 2 0
project_pos_app/service/notif_service/notif_service.go:107.2,107.12 1 1
project_pos_app/service/notif_service/notif_service.go:110.59,111.53 1 1
project_pos_app/service/notif_service/notif_service.go:111.53,114.3 2 0
project_pos_app/service/notif_service/notif_service.go:115.2,115.12 1 1
project_pos_app/service/notif_service/notif_service_mock.go:28.95,33.2 1 0
project_pos_app/service/notif_service/notif_service_mock.go:36.78,40.2 3 0
project_pos_app/service/notif_service/notif_service_mock.go:43.93,67.16 5 0
project_pos_app/service/notif_service/notif_service_mock.go:67.16,70.3 2 0
project_pos_app/service/notif_service/notif_service_mock.go:72.2,72.25 1 0
project_pos_app/service/notif_service/notif_service_mock.go:76.85,79.2 2 0
project_pos_app/service/notif_service/notif_service_mock.go:82.61,91.2 3 0
project_pos_app/service/notif_service/notif_service_mock.go:94.61,97.2 2 0
project_pos_app/service/notif_service/notif_service_mock.go:100.63,103.2 2 0
project_pos_app/config/config.go:40.34,56.16 12 0
project_pos_app/config/config.go:56.16,58.3 1 0
project_pos_app/config/config.go:60.2,90.20 2 0
project_pos_app/helper/convert.go:10.61,13.31 2 0
project_pos_app/helper/convert.go:13.31,15.3 1 0
project_pos_app/helper/convert.go:16.2,16.34 1 0
project_pos_app/helper/convert.go:16.34,18.3 1 0
project_pos_app/helper/convert.go:21.2,22.38 2 0
project_pos_app/helper/convert.go:22.38,27.60 3 0
project_pos_app/helper/convert.go:27.60,28.12 1 0
project_pos_app/helper/convert.go:32.3,33.45 2 0
project_pos_app/helper/convert.go:36.2,36.20 1 0
project_pos_app/helper/convert.go:39.68,42.69 2 0
project_pos_app/helper/convert.go:42.69,44.3 1 0
project_pos_app/helper/convert.go:46.2,50.35 3 0
project_pos_app/helper/convert.go:50.35,52.33 2 0
project_pos_app/helper/convert.go:52.33,54.4 1 0
project_pos_app/helper/convert.go:57.3,57.36 1 0
project_pos_app/helper/convert.go:57.36,59.4 1 0
project_pos_app/helper/convert.go:62.3,63.40 2 0
project_pos_app/helper/convert.go:63.40,68.61 3 0
project_pos_app/helper/convert.go:68.61,69.13 1 0
project_pos_app/helper/convert.go:73.4,74.47 2 0
project_pos_app/helper/convert.go:76.3,76.22 1 0
project_pos_app/helper/convert.go:79.2,79.20 1 0
project_pos_app/helper/convert.go:83.44,86.2 2 0
project_pos_app/helper/convert.go:88.114,91.9 2 0
project_pos_app/helper/convert.go:91.9,93.3 1 0
project_pos_app/helper/convert.go:96.2,98.33 2 0
project_pos_app/helper/convert.go:98.33,101.10 2 0
project_pos_app/helper/convert.go:101.10,103.4 1 0
project_pos_app/helper/convert.go:106.3,106.50 1 0
project_pos_app/helper/convert.go:106.50,107.22 1 0
project_pos_app/helper/convert.go:108.15,109.44 1 0
project_pos_app/helper/convert.go:109.44,111.6 1 0
project_pos_app/helper/convert.go:111.11,113.6 1 0
project_pos_app/helper/convert.go:114.18,115.50 1 0
project_pos_app/helper/convert.go:116.19,117.38 1 0
project_pos_app/helper/convert.go:117.38,119.6 1 0
project_pos_app/helper/convert.go:119.11,119.48 1 0
project_pos_app/helper/convert.go:119.48,121.20 2 0
project_pos_app/helper/convert.go:121.20,123.7 1 0
project_pos_app/helper/convert.go:124.6,124.35 1 0
project_pos_app/helper/convert.go:125.11,127.6 1 0
project_pos_app/helper/convert.go:128.12,129.70 1 0
project_pos_app/helper/convert.go:134.3,134.22 1 0
project_pos_app/helper/convert.go:137.2,137.20 1 0
project_pos_app/helper/convert.go:140.111,143.9 2 0
project_pos_app/helper/convert.go:143.9,145.3 1 0
project_pos_app/helper/convert.go:148.2,148.49 1 0
project_pos_app/helper/convert.go:148.49,149.21 1 0
project_pos_app/helper/convert.go:150.14,151.43 1 0
project_pos_app/helper/convert.go:151.43,153.5 1 0
project_pos_app/helper/convert.go:153.10,155.5 1 0
project_pos_app/helper/convert.go:156.17,157.49 1 0
project_pos_app/helper/convert.go:158.18,159.37 1 0
project_pos_app/helper/convert.go:159.37,161.5 1 0
project_pos_app/helper/convert.go:161.10,161.47 1 0
project_pos_app/helper/convert.go:161.47,163.19 2 0
project_pos_app/helper/convert.go:163.19,165.6 1 0
project_pos_app/helper/convert.go:166.5,166.34 1 0
project_pos_app/helper/convert.go:167.10,169.5 1 0
project_pos_app/helper/convert.go:170.11,171.69 1 0
project_pos_app/helper/convert.go:175.2,175.21 1 0
project_pos_app/helper/convert.go:178.102,183.31 2 0
project_pos_app/helper/convert.go:183.31,185.3 1 0
project_pos_app/helper/convert.go:188.2,189.31 2 0
project_pos_app/helper/convert.go:189.31,193.33 2 0
project_pos_app/helper/convert.go:193.33,195.4 1 0
project_pos_app/helper/convert.go:196.3,196.36 1 0
project_pos_app/helper/convert.go:196.36,198.4 1 0
project_pos_app/helper/convert.go:201.3,202.23 2 0
project_pos_app/helper/convert.go:202.23,204.4 1 0
project_pos_app/helper/convert.go:205.3,205.22 1 0
project_pos_app/helper/convert.go:205.22,207.4 1 0
project_pos_app/helper/convert.go:210.3,210.21 1 0
project_pos_app/helper/convert.go:211.14,212.39 1 0
project_pos_app/helper/convert.go:212.39,214.5 1 0
project_pos_app/helper/convert.go:214.10,216.5 1 0
project_pos_app/helper/convert.go:217.17,218.57 1 0
project_pos_app/helper/convert.go:219.18,220.35 1 0
project_pos_app/helper/convert.go:220.35,222.5 1 0
project_pos_app/helper/convert.go:222.10,222.45 1 0
project_pos_app/helper/convert.go:222.45,224.19 2 0
project_pos_app/helper/convert.go:224.19,226.6 1 0
project_pos_app/helper/convert.go:227.5,227.29 1 0
project_pos_app/helper/convert.go:228.10,230.5 1 0
project_pos_app/helper/convert.go:231.11,232.69 1 0
project_pos_app/helper/convert.go:236.3,236.28 1 0
project_pos_app/helper/convert.go:239.2,239.32 1 0
project_pos_app/helper/convert.go:243.70,251.34 3 0
project_pos_app/helper/convert.go:251.34,253.39 1 0
project_pos_app/helper/convert.go:253.39,256.4 2 0
project_pos_app/helper/convert.go:257.8,257.38 1 0
project_pos_app/helper/convert.go:257.38,259.37 1 0
project_pos_app/helper/convert.go:259.37,261.4 1 0
project_pos_app/helper/convert.go:262.8,264.3 1 0
project_pos_app/helper/convert.go:266.2,266.20 1 0
project_pos_app/helper/logger.go:12.54,15.15 2 0
project_pos_app/helper/logger.go:15.15,17.3 1 0
project_pos_app/helper/logger.go:19.2,31.16 3 0
project_pos_app/helper/logger.go:31.16,34.3 2 0
project_pos_app/helper/logger.go:36.2,45.20 5 0
project_pos_app/helper/mockSetup.go:16.48,24.2 4 0
project_pos_app/helper/mockSetup.go:31.63,46.2 9 1
project_pos_app/helper/response.go:17.70,23.2 1 0
project_pos_app/helper/response.go:25.132,35.2 1 0
project_pos_app/mock_testing/mockDB.go:14.73,16.2 1 0
project_pos_app/mock_testing/mockDB.go:18.52,20.2 1 0
project_pos_app/mock_testing/mockDB.go:22.50,24.2 1 0
project_pos_app/mock_testing/mockDB.go:26.73,28.2 1 0
project_pos_app/mock_testing/mockDB.go:30.51,32.2 1 0
project_pos_app/mock_testing/mockDB.go:34.52,36.2 1 0
project_pos_app/mock_testing/mockDB.go:38.56,41.2 2 0
project_pos_app/mock_testing/mockDB.go:43.74,46.54 2 0
project_pos_app/mock_testing/mockDB.go:46.54,49.3 2 0
project_pos_app/mock_testing/mockDB.go:51.2,51.22 1 0
project_pos_app/mock_testing/mockDB.go:54.87,57.2 2 0
project_pos_app/mock_testing/mockDB.go:59.64,61.24 2 0
project_pos_app/mock_testing/mockDB.go:61.24,63.3 1 0
project_pos_app/mock_testing/mockDB.go:65.2,65.27 1 0
project_pos_app/mock_testing/mockDB.go:68.65,70.54 2 0
project_pos_app/mock_testing/mockDB.go:70.54,73.3 2 0
project_pos_app/mock_testing/mockDB.go:75.2,75.22 1 0
project_pos_app/mock_testing/mockDB.go:78.39,80.16 2 0
project_pos_app/mock_testing/mockDB.go:80.16,82.3 1 0
project_pos_app/mock_testing/mockDB.go:84.2,85.54 2 0
project_pos_app/mock_testing/mockDB.go:85.54,87.3 1 0
project_pos_app/mock_testing/mockDB.go:89.2,89.22 1 0
project_pos_app/mock_testing/mockDB.go:92.40,95.54 2 0
project_pos_app/mock_testing/mockDB.go:95.54,96.57 1 0
project_pos_app/mock_testing/mockDB.go:96.57,97.25 1 0
project_pos_app/mock_testing/mockDB.go:97.25,99.5 1 0
project_pos_app/mock_testing/mockDB.go:102.3,102.13 1 0
project_pos_app/mock_testing/mockDB.go:105.2,105.22 1 0
project_pos_app/mock_testing/mockDB.go:110.72,112.24 2 1
project_pos_app/mock_testing/mockDB.go:112.24,114.3 1 1
project_pos_app/mock_testing/mockDB.go:115.2,115.27 1 1
project_pos_app/mock_testing/mockDB.go:118.66,120.44 2 1
project_pos_app/mock_testing/mockDB.go:120.44,122.3 1 1
project_pos_app/mock_testing/mockDB.go:123.2,123.27 1 1
project_pos_app/mock_testing/mockDB.go:126.71,128.60 2 1
project_pos_app/mock_testing/mockDB.go:128.60,130.3 1 1
project_pos_app/mock_testing/mockDB.go:131.2,131.27 1 1
project_pos_app/mock_testing/mockDB.go:134.67,137.2 2 1
project_pos_app/mock_testing/mockDB.go:139.72,141.56 2 0
project_pos_app/mock_testing/mockDB.go:141.56,144.3 2 0
project_pos_app/mock_testing/mockDB.go:145.2,145.27 1 0
project_pos_app/mock_testing/mockDB.go:148.73,151.2 2 1
project_pos_app/mock_testing/mockDB.go:153.76,155.60 2 0
project_pos_app/mock_testing/mockDB.go:155.60,158.3 2 0
project_pos_app/mock_testing/mockDB.go:159.2,159.27 1 0
project_pos_app/mock_testing/mockDB.go:162.79,164.46 2 1
project_pos_app/mock_testing/mockDB.go:164.46,167.3 2 1
project_pos_app/mock_testing/mockDB.go:168.2,168.27 1 1
project_pos_app/model/category.go:18.34,20.27 2 0
project_pos_app/model/category.go:20.27,28.3 1 0
project_pos_app/model/category.go:30.2,30.19 1 0
project_pos_app/model/notif.go:17.50,25.2 1 0
project_pos_app/model/notif.go:27.40,58.2 1 0
project_pos_app/model/order.go:22.27,45.2 1 0
project_pos_app/model/order_product.go:11.41,34.2 1 0
project_pos_app/model/product.go:20.31,44.2 1 0
project_pos_app/model/revenue.go:25.44,38.2 1 0
project_pos_app/model/revenue.go:41.40,63.2 1 0
project_pos_app/repository/repository.go:20.62,27.2 1 0
project_pos_app/repository/auth_repository/auth.go:22.79,24.2 1 0
project_pos_app/repository/auth_repository/auth.go:26.96,33.25 4 0
project_pos_app/repository/auth_repository/auth.go:33.25,34.45 1 0
project_pos_app/repository/auth_repository/auth.go:34.45,36.4 1 0
project_pos_app/repository/auth_repository/auth.go:37.3,37.31 1 0
project_pos_app/repository/auth_repository/auth.go:40.2,50.49 4 0
project_pos_app/repository/auth_repository/auth.go:50.49,52.3 1 0
project_pos_app/repository/auth_repository/auth.go:54.2,54.35 1 0
project_pos_app/repository/auth_repository/auth.go:54.35,55.53 1 0
project_pos_app/repository/auth_repository/auth.go:55.53,57.4 1 0
project_pos_app/repository/auth_repository/auth.go:59.8,61.51 2 0
project_pos_app/repository/auth_repository/auth.go:61.51,63.4 1 0
project_pos_app/repository/auth_repository/auth.go:66.2,66.33 1 0
project_pos_app/service/service.go:20.81,27.2 1 0
project_pos_app/service/auth_service/auth.go:19.95,21.2 1 0
project_pos_app/service/auth_service/auth.go:23.100,26.16 2 0
project_pos_app/service/auth_service/auth.go:26.16,28.3 1 0
project_pos_app/service/auth_service/auth.go:30.2,30.28 1 0
project_pos_app/service/revenue_service/revenue_service.go:27.97,32.2 1 1
project_pos_app/service/revenue_service/revenue_service.go:34.82,36.2 1 1
project_pos_app/service/revenue_service/revenue_service.go:38.76,40.2 1 1
project_pos_app/service/revenue_service/revenue_service.go:42.81,44.2 1 1
project_pos_app/service/revenue_service/revenue_service.go:46.86,47.20 1 1
project_pos_app/service/revenue_service/revenue_service.go:47.20,49.3 1 1
project_pos_app/service/revenue_service/revenue_service.go:50.2,50.55 1 1
project_pos_app/service/revenue_service/revenue_service.go:53.84,55.2 1 0
project_pos_app/service/revenue_service/revenue_service.go:57.81,58.31 1 1
project_pos_app/service/revenue_service/revenue_service.go:58.31,60.3 1 1
project_pos_app/service/revenue_service/revenue_service.go:61.2,61.51 1 1
project_pos_app/service/revenue_service/revenue_service.go:64.80,66.2 1 0
project_pos_app/service/revenue_service/revenue_service.go:68.75,69.24 1 1
project_pos_app/service/revenue_service/revenue_service.go:69.24,71.3 1 1
project_pos_app/service/revenue_service/revenue_service.go:72.2,72.47 1 1
project_pos_app/service/revenue_service/revenue_service_mock.go:29.99,34.2 1 0
project_pos_app/service/revenue_service/revenue_service_mock.go:37.86,40.16 3 0
project_pos_app/service/revenue_service/revenue_service_mock.go:40.16,43.3 2 0
project_pos_app/service/revenue_service/revenue_service_mock.go:44.2,44.20 1 0
project_pos_app/service/revenue_service/revenue_service_mock.go:48.80,51.16 3 0
project_pos_app/service/revenue_service/revenue_service_mock.go:51.16,54.3 2 0
project_pos_app/service/revenue_service/revenue_service_mock.go:55.2,55.20 1 0
project_pos_app/service/revenue_service/revenue_service_mock.go:59.85,63.16 4 0
project_pos_app/service/revenue_service/revenue_service_mock.go:63.16,66.3 2 0
project_pos_app/service/revenue_service/revenue_service_mock.go:67.2,67.20 1 0
project_pos_app/service/revenue_service/revenue_service_mock.go:71.79,74.2 2 0
project_pos_app/service/revenue_service/revenue_service_mock.go:77.84,80.16 3 0
project_pos_app/service/revenue_service/revenue_service_mock.go:80.16,83.3 2 0
project_pos_app/service/revenue_service/revenue_service_mock.go:84.2,84.20 1 0
project_pos_app/service/revenue_service/revenue_service_mock.go:88.85,91.2 2 0
project_pos_app/service/revenue_service/revenue_service_mock.go:94.88,97.16 3 0
project_pos_app/service/revenue_service/revenue_service_mock.go:97.16,100.3 2 0
project_pos_app/service/revenue_service/revenue_service_mock.go:101.2,101.20 1 0
project_pos_app/service/revenue_service/revenue_service_mock.go:105.90,108.16 3 0
project_pos_app/service/revenue_service/revenue_service_mock.go:108.16,111.3 2 0
project_pos_app/service/revenue_service/revenue_service_mock.go:112.2,112.20 1 0
