mode: set
project_pos_app/main.go:38.13,41.16 2 0
project_pos_app/main.go:41.16,43.3 1 0
project_pos_app/main.go:45.2,55.12 4 0
project_pos_app/main.go:55.12,58.77 2 0
project_pos_app/main.go:58.77,60.4 1 0
project_pos_app/main.go:64.2,74.50 7 0
project_pos_app/main.go:74.50,76.3 1 0
project_pos_app/main.go:79.2,79.9 1 0
project_pos_app/main.go:80.28,81.39 1 0
project_pos_app/main.go:84.2,84.31 1 0
project_pos_app/test.go:3.14,5.2 0 0
project_pos_app/cmd/cron.go:12.51,18.42 2 0
project_pos_app/cmd/cron.go:18.42,21.17 3 0
project_pos_app/cmd/cron.go:21.17,24.4 2 0
project_pos_app/cmd/cron.go:25.3,25.36 1 0
project_pos_app/cmd/cron.go:25.36,32.18 3 0
project_pos_app/cmd/cron.go:32.18,34.5 1 0
project_pos_app/cmd/cron.go:34.10,36.5 1 0
project_pos_app/cmd/cron.go:39.2,39.16 1 0
project_pos_app/cmd/cron.go:39.16,41.3 1 0
project_pos_app/cmd/cron.go:44.2,44.41 1 0
project_pos_app/cmd/cron.go:44.41,48.17 3 0
project_pos_app/cmd/cron.go:48.17,51.4 2 0
project_pos_app/cmd/cron.go:52.3,52.32 1 0
project_pos_app/cmd/cron.go:52.32,54.18 2 0
project_pos_app/cmd/cron.go:54.18,56.5 1 0
project_pos_app/cmd/cron.go:60.3,61.17 2 0
project_pos_app/cmd/cron.go:61.17,64.4 2 0
project_pos_app/cmd/cron.go:65.3,65.36 1 0
project_pos_app/cmd/cron.go:65.36,68.18 3 0
project_pos_app/cmd/cron.go:68.18,70.5 1 0
project_pos_app/cmd/cron.go:73.3,73.67 1 0
project_pos_app/cmd/cron.go:75.2,75.16 1 0
project_pos_app/cmd/cron.go:75.16,77.3 1 0
project_pos_app/cmd/cron.go:80.2,83.12 2 0
project_pos_app/cmd/cron.go:83.12,84.10 1 0
project_pos_app/cmd/cron.go:87.2,88.12 2 0
project_pos_app/config/config.go:40.34,56.16 12 0
project_pos_app/config/config.go:56.16,58.3 1 0
project_pos_app/config/config.go:60.2,90.20 2 0
project_pos_app/controller/auth_controller/auth.go:21.99,27.2 1 0
project_pos_app/controller/auth_controller/auth.go:29.47,34.16 4 0
project_pos_app/controller/auth_controller/auth.go:34.16,38.3 3 0
project_pos_app/controller/auth_controller/auth.go:40.2,41.16 2 0
project_pos_app/controller/auth_controller/auth.go:41.16,45.3 3 0
project_pos_app/controller/auth_controller/auth.go:47.2,53.16 5 0
project_pos_app/controller/auth_controller/auth.go:53.16,55.3 1 0
project_pos_app/controller/auth_controller/auth.go:57.2,57.67 1 0
project_pos_app/controller/controller.go:21.104,28.2 1 0
project_pos_app/controller/example_controller/example.go:17.91,19.2 1 0
project_pos_app/mock_testing/mockDB.go:14.73,16.2 1 0
project_pos_app/mock_testing/mockDB.go:18.52,20.2 1 0
project_pos_app/mock_testing/mockDB.go:22.50,24.2 1 0
project_pos_app/mock_testing/mockDB.go:26.73,28.2 1 0
project_pos_app/mock_testing/mockDB.go:30.51,32.2 1 0
project_pos_app/mock_testing/mockDB.go:34.52,36.2 1 0
project_pos_app/mock_testing/mockDB.go:38.56,41.38 2 0
project_pos_app/mock_testing/mockDB.go:41.38,43.3 1 0
project_pos_app/mock_testing/mockDB.go:45.2,45.12 1 0
project_pos_app/mock_testing/mockDB.go:48.74,51.54 2 0
project_pos_app/mock_testing/mockDB.go:51.54,54.3 2 0
project_pos_app/mock_testing/mockDB.go:56.2,56.22 1 0
project_pos_app/mock_testing/mockDB.go:59.64,61.24 2 0
project_pos_app/mock_testing/mockDB.go:61.24,63.3 1 0
project_pos_app/mock_testing/mockDB.go:65.2,65.27 1 0
project_pos_app/mock_testing/mockDB.go:68.65,71.24 2 0
project_pos_app/mock_testing/mockDB.go:71.24,75.3 3 0
project_pos_app/mock_testing/mockDB.go:77.2,77.22 1 0
project_pos_app/mock_testing/mockDB.go:80.39,82.16 2 0
project_pos_app/mock_testing/mockDB.go:82.16,84.3 1 0
project_pos_app/mock_testing/mockDB.go:86.2,87.54 2 0
project_pos_app/mock_testing/mockDB.go:87.54,89.3 1 0
project_pos_app/mock_testing/mockDB.go:91.2,91.22 1 0
project_pos_app/mock_testing/mockDB.go:94.40,97.54 2 0
project_pos_app/mock_testing/mockDB.go:97.54,98.57 1 0
project_pos_app/mock_testing/mockDB.go:98.57,99.25 1 0
project_pos_app/mock_testing/mockDB.go:99.25,101.5 1 0
project_pos_app/mock_testing/mockDB.go:104.3,104.13 1 0
project_pos_app/mock_testing/mockDB.go:107.2,107.22 1 0
project_pos_app/mock_testing/mockDB.go:112.72,114.24 2 0
project_pos_app/mock_testing/mockDB.go:114.24,116.3 1 0
project_pos_app/mock_testing/mockDB.go:117.2,117.27 1 0
project_pos_app/mock_testing/mockDB.go:120.66,122.44 2 0
project_pos_app/mock_testing/mockDB.go:122.44,124.3 1 0
project_pos_app/mock_testing/mockDB.go:125.2,125.27 1 0
project_pos_app/mock_testing/mockDB.go:128.71,130.60 2 0
project_pos_app/mock_testing/mockDB.go:130.60,132.3 1 0
project_pos_app/mock_testing/mockDB.go:133.2,133.27 1 0
project_pos_app/mock_testing/mockDB.go:136.67,139.2 2 0
project_pos_app/mock_testing/mockDB.go:141.72,143.56 2 0
project_pos_app/mock_testing/mockDB.go:143.56,146.3 2 0
project_pos_app/mock_testing/mockDB.go:147.2,147.27 1 0
project_pos_app/mock_testing/mockDB.go:150.73,153.2 2 0
project_pos_app/mock_testing/mockDB.go:155.76,157.60 2 0
project_pos_app/mock_testing/mockDB.go:157.60,160.3 2 0
project_pos_app/mock_testing/mockDB.go:161.2,161.27 1 0
project_pos_app/mock_testing/mockDB.go:164.79,166.46 2 0
project_pos_app/mock_testing/mockDB.go:166.46,169.3 2 0
project_pos_app/mock_testing/mockDB.go:170.2,170.27 1 0
project_pos_app/model/category.go:18.34,20.27 2 0
project_pos_app/model/category.go:20.27,28.3 1 0
project_pos_app/model/category.go:30.2,30.19 1 0
project_pos_app/model/notif.go:17.50,25.2 1 0
project_pos_app/model/notif.go:27.40,58.2 1 0
project_pos_app/model/order.go:22.27,45.2 1 0
project_pos_app/model/order_product.go:11.41,34.2 1 0
project_pos_app/model/product.go:20.31,44.2 1 0
project_pos_app/model/revenue.go:25.44,38.2 1 0
project_pos_app/model/revenue.go:41.40,63.2 1 0
project_pos_app/repository/repository.go:20.62,27.2 1 0
project_pos_app/repository/auth_repository/auth.go:22.79,24.2 1 0
project_pos_app/repository/auth_repository/auth.go:26.96,33.25 4 0
project_pos_app/repository/auth_repository/auth.go:33.25,34.45 1 0
project_pos_app/repository/auth_repository/auth.go:34.45,36.4 1 0
project_pos_app/repository/auth_repository/auth.go:37.3,37.31 1 0
project_pos_app/repository/auth_repository/auth.go:40.2,50.49 4 0
project_pos_app/repository/auth_repository/auth.go:50.49,52.3 1 0
project_pos_app/repository/auth_repository/auth.go:54.2,54.35 1 0
project_pos_app/repository/auth_repository/auth.go:54.35,55.53 1 0
project_pos_app/repository/auth_repository/auth.go:55.53,57.4 1 0
project_pos_app/repository/auth_repository/auth.go:59.8,61.51 2 0
project_pos_app/repository/auth_repository/auth.go:61.51,63.4 1 0
project_pos_app/repository/auth_repository/auth.go:66.2,66.33 1 0
project_pos_app/service/service.go:20.81,27.2 1 0
project_pos_app/service/auth_service/auth.go:19.95,21.2 1 0
project_pos_app/service/auth_service/auth.go:23.100,26.16 2 0
project_pos_app/service/auth_service/auth.go:26.16,28.3 1 0
project_pos_app/service/auth_service/auth.go:30.2,30.28 1 0
project_pos_app/docs/docs.go:383.13,385.2 1 0
project_pos_app/database/database.go:15.55,33.16 3 0
project_pos_app/database/database.go:33.16,35.3 1 0
project_pos_app/database/database.go:37.2,37.19 1 0
project_pos_app/database/database.go:37.19,38.39 1 0
project_pos_app/database/database.go:38.39,40.4 1 0
project_pos_app/database/database.go:43.2,43.16 1 0
project_pos_app/database/database.go:43.16,44.37 1 0
project_pos_app/database/database.go:44.37,46.4 1 0
project_pos_app/database/database.go:49.2,49.16 1 0
project_pos_app/database/migration.go:11.35,16.24 1 0
project_pos_app/database/migration.go:16.24,18.3 1 0
project_pos_app/database/migration.go:21.2,31.37 2 0
project_pos_app/database/migration.go:31.37,34.17 3 0
project_pos_app/database/migration.go:34.17,36.4 1 0
project_pos_app/database/migration.go:38.3,38.16 1 0
project_pos_app/database/migration.go:38.16,40.12 2 0
project_pos_app/database/migration.go:44.3,44.57 1 0
project_pos_app/database/migration.go:44.57,46.4 1 0
project_pos_app/database/migration.go:49.3,49.99 1 0
project_pos_app/database/migration.go:49.99,51.4 1 0
project_pos_app/database/migration.go:53.3,53.69 1 0
project_pos_app/database/migration.go:56.2,56.12 1 0
project_pos_app/database/redis.go:18.70,24.2 1 0
project_pos_app/database/redis.go:26.53,32.2 1 0
project_pos_app/database/redis.go:34.55,36.2 1 0
project_pos_app/database/redis.go:38.50,40.2 1 0
project_pos_app/database/redis.go:42.46,44.2 1 0
project_pos_app/database/redis.go:46.54,48.2 1 0
project_pos_app/database/redis.go:50.60,52.2 1 0
project_pos_app/database/redis.go:54.50,56.2 1 0
project_pos_app/database/redis.go:58.43,60.2 1 0
project_pos_app/database/redis.go:62.47,64.2 1 0
project_pos_app/database/redis.go:66.29,68.6 2 0
project_pos_app/database/redis.go:68.6,72.17 4 0
project_pos_app/database/redis.go:72.17,73.14 1 0
project_pos_app/database/redis.go:76.3,76.28 1 0
project_pos_app/database/redis.go:76.28,78.4 1 0
project_pos_app/database/redis.go:80.3,80.18 1 0
project_pos_app/database/redis.go:80.18,81.9 1 0
project_pos_app/database/redis.go:86.36,89.6 3 0
project_pos_app/database/redis.go:89.6,93.17 4 0
project_pos_app/database/redis.go:93.17,94.14 1 0
project_pos_app/database/redis.go:97.3,99.18 2 0
project_pos_app/database/redis.go:99.18,100.9 1 0
project_pos_app/database/redis.go:104.2,104.15 1 0
project_pos_app/database/redis.go:107.59,110.6 3 0
project_pos_app/database/redis.go:110.6,114.17 4 0
project_pos_app/database/redis.go:114.17,115.14 1 0
project_pos_app/database/redis.go:118.3,120.18 2 0
project_pos_app/database/redis.go:120.18,121.9 1 0
project_pos_app/database/redis.go:125.2,125.15 1 0
project_pos_app/database/redis.go:129.67,131.2 1 0
project_pos_app/database/redis.go:133.70,137.2 3 0
project_pos_app/database/redis.go:139.43,141.2 1 0
project_pos_app/database/seeder.go:13.33,14.48 1 0
project_pos_app/database/seeder.go:14.48,16.30 2 0
project_pos_app/database/seeder.go:16.30,20.61 3 0
project_pos_app/database/seeder.go:20.61,23.5 2 0
project_pos_app/database/seeder.go:25.4,25.17 1 0
project_pos_app/database/seeder.go:25.17,27.13 2 0
project_pos_app/database/seeder.go:30.4,31.18 2 0
project_pos_app/database/seeder.go:31.18,34.13 3 0
project_pos_app/database/seeder.go:37.4,37.27 1 0
project_pos_app/database/seeder.go:40.3,41.13 2 0
project_pos_app/database/seeder.go:46.51,47.39 1 0
project_pos_app/database/seeder.go:47.39,49.22 2 0
project_pos_app/database/seeder.go:49.22,54.47 2 0
project_pos_app/database/seeder.go:54.47,56.5 1 0
project_pos_app/database/seeder.go:62.44,64.36 2 0
project_pos_app/database/seeder.go:64.36,66.3 1 0
project_pos_app/database/seeder.go:67.2,67.39 1 0
project_pos_app/database/seeder.go:67.39,69.3 1 0
project_pos_app/database/seeder.go:70.2,70.11 1 0
project_pos_app/database/seeder.go:73.32,79.2 1 0
project_pos_app/controller/revenue_controller/revenue_controller.go:17.91,19.2 1 0
project_pos_app/controller/revenue_controller/revenue_controller.go:29.74,31.16 2 0
project_pos_app/controller/revenue_controller/revenue_controller.go:31.16,36.3 4 0
project_pos_app/controller/revenue_controller/revenue_controller.go:38.2,38.90 1 0
project_pos_app/controller/revenue_controller/revenue_controller.go:49.68,51.16 2 0
project_pos_app/controller/revenue_controller/revenue_controller.go:51.16,56.3 4 0
project_pos_app/controller/revenue_controller/revenue_controller.go:58.2,58.82 1 0
project_pos_app/controller/revenue_controller/revenue_controller.go:69.69,71.16 2 0
project_pos_app/controller/revenue_controller/revenue_controller.go:71.16,76.3 4 0
project_pos_app/controller/revenue_controller/revenue_controller.go:78.2,78.83 1 0
project_pos_app/helper/logger.go:12.54,15.15 2 0
project_pos_app/helper/logger.go:15.15,17.3 1 0
project_pos_app/helper/logger.go:19.2,31.16 3 0
project_pos_app/helper/logger.go:31.16,34.3 2 0
project_pos_app/helper/logger.go:36.2,45.20 5 0
project_pos_app/helper/mockSetup.go:15.48,23.2 4 0
project_pos_app/helper/mockSetup.go:30.55,45.2 9 0
project_pos_app/helper/response.go:17.70,23.2 1 0
project_pos_app/helper/response.go:25.132,35.2 1 0
project_pos_app/infra/integration.go:23.57,25.63 1 0
project_pos_app/infra/integration.go:25.63,27.3 1 0
project_pos_app/infra/integration.go:29.2,30.16 2 0
project_pos_app/infra/integration.go:30.16,32.3 1 0
project_pos_app/infra/integration.go:34.2,35.16 2 0
project_pos_app/infra/integration.go:35.16,37.3 1 0
project_pos_app/infra/integration.go:39.2,40.16 2 0
project_pos_app/infra/integration.go:40.16,42.3 1 0
project_pos_app/infra/integration.go:44.2,58.8 5 0
project_pos_app/mock_testing/mockDB.go:14.73,16.2 1 0
project_pos_app/mock_testing/mockDB.go:18.52,20.2 1 0
project_pos_app/mock_testing/mockDB.go:22.50,24.2 1 0
project_pos_app/mock_testing/mockDB.go:26.73,28.2 1 0
project_pos_app/mock_testing/mockDB.go:30.51,32.2 1 0
project_pos_app/mock_testing/mockDB.go:34.52,36.2 1 0
project_pos_app/mock_testing/mockDB.go:38.56,41.38 2 0
project_pos_app/mock_testing/mockDB.go:41.38,43.3 1 0
project_pos_app/mock_testing/mockDB.go:45.2,45.12 1 0
project_pos_app/mock_testing/mockDB.go:48.74,51.54 2 0
project_pos_app/mock_testing/mockDB.go:51.54,54.3 2 0
project_pos_app/mock_testing/mockDB.go:56.2,56.22 1 0
project_pos_app/mock_testing/mockDB.go:59.64,61.24 2 0
project_pos_app/mock_testing/mockDB.go:61.24,63.3 1 0
project_pos_app/mock_testing/mockDB.go:65.2,65.27 1 0
project_pos_app/mock_testing/mockDB.go:68.65,71.24 2 0
project_pos_app/mock_testing/mockDB.go:71.24,75.3 3 0
project_pos_app/mock_testing/mockDB.go:77.2,77.22 1 0
project_pos_app/mock_testing/mockDB.go:80.39,82.16 2 0
project_pos_app/mock_testing/mockDB.go:82.16,84.3 1 0
project_pos_app/mock_testing/mockDB.go:86.2,87.54 2 0
project_pos_app/mock_testing/mockDB.go:87.54,89.3 1 0
project_pos_app/mock_testing/mockDB.go:91.2,91.22 1 0
project_pos_app/mock_testing/mockDB.go:94.40,97.54 2 0
project_pos_app/mock_testing/mockDB.go:97.54,98.57 1 0
project_pos_app/mock_testing/mockDB.go:98.57,99.25 1 0
project_pos_app/mock_testing/mockDB.go:99.25,101.5 1 0
project_pos_app/mock_testing/mockDB.go:104.3,104.13 1 0
project_pos_app/mock_testing/mockDB.go:107.2,107.22 1 0
project_pos_app/mock_testing/mockDB.go:112.72,114.24 2 0
project_pos_app/mock_testing/mockDB.go:114.24,116.3 1 0
project_pos_app/mock_testing/mockDB.go:117.2,117.27 1 0
project_pos_app/mock_testing/mockDB.go:120.66,122.44 2 0
project_pos_app/mock_testing/mockDB.go:122.44,124.3 1 0
project_pos_app/mock_testing/mockDB.go:125.2,125.27 1 0
project_pos_app/mock_testing/mockDB.go:128.71,130.60 2 0
project_pos_app/mock_testing/mockDB.go:130.60,132.3 1 0
project_pos_app/mock_testing/mockDB.go:133.2,133.27 1 0
project_pos_app/mock_testing/mockDB.go:136.67,139.2 2 0
project_pos_app/mock_testing/mockDB.go:141.72,143.56 2 0
project_pos_app/mock_testing/mockDB.go:143.56,146.3 2 0
project_pos_app/mock_testing/mockDB.go:147.2,147.27 1 0
project_pos_app/mock_testing/mockDB.go:150.73,153.2 2 0
project_pos_app/mock_testing/mockDB.go:155.76,157.60 2 0
project_pos_app/mock_testing/mockDB.go:157.60,160.3 2 0
project_pos_app/mock_testing/mockDB.go:161.2,161.27 1 0
project_pos_app/mock_testing/mockDB.go:164.79,166.46 2 0
project_pos_app/mock_testing/mockDB.go:166.46,169.3 2 0
project_pos_app/mock_testing/mockDB.go:170.2,170.27 1 0
project_pos_app/model/category.go:18.34,20.27 2 0
project_pos_app/model/category.go:20.27,28.3 1 0
project_pos_app/model/category.go:30.2,30.19 1 0
project_pos_app/model/notif.go:17.50,25.2 1 0
project_pos_app/model/notif.go:27.40,58.2 1 0
project_pos_app/model/order.go:22.27,45.2 1 0
project_pos_app/model/order_product.go:11.41,34.2 1 0
project_pos_app/model/product.go:20.31,44.2 1 0
project_pos_app/model/revenue.go:25.44,38.2 1 0
project_pos_app/model/revenue.go:41.40,63.2 1 0
project_pos_app/repository/repository.go:20.62,27.2 1 0
project_pos_app/repository/auth_repository/auth.go:22.79,24.2 1 0
project_pos_app/repository/auth_repository/auth.go:26.96,33.25 4 0
project_pos_app/repository/auth_repository/auth.go:33.25,34.45 1 0
project_pos_app/repository/auth_repository/auth.go:34.45,36.4 1 0
project_pos_app/repository/auth_repository/auth.go:37.3,37.31 1 0
project_pos_app/repository/auth_repository/auth.go:40.2,50.49 4 0
project_pos_app/repository/auth_repository/auth.go:50.49,52.3 1 0
project_pos_app/repository/auth_repository/auth.go:54.2,54.35 1 0
project_pos_app/repository/auth_repository/auth.go:54.35,55.53 1 0
project_pos_app/repository/auth_repository/auth.go:55.53,57.4 1 0
project_pos_app/repository/auth_repository/auth.go:59.8,61.51 2 0
project_pos_app/repository/auth_repository/auth.go:61.51,63.4 1 0
project_pos_app/repository/auth_repository/auth.go:66.2,66.33 1 0
project_pos_app/config/config.go:40.34,56.16 12 0
project_pos_app/config/config.go:56.16,58.3 1 0
project_pos_app/config/config.go:60.2,90.20 2 0
project_pos_app/controller/notif_controller/notif_controller.go:19.87,24.2 1 1
project_pos_app/controller/notif_controller/notif_controller.go:37.65,40.16 3 1
project_pos_app/controller/notif_controller/notif_controller.go:40.16,45.3 4 1
project_pos_app/controller/notif_controller/notif_controller.go:47.2,48.16 2 1
project_pos_app/controller/notif_controller/notif_controller.go:48.16,53.3 4 0
project_pos_app/controller/notif_controller/notif_controller.go:55.2,55.84 1 1
project_pos_app/controller/notif_controller/notif_controller.go:68.65,71.16 3 1
project_pos_app/controller/notif_controller/notif_controller.go:71.16,76.3 4 1
project_pos_app/controller/notif_controller/notif_controller.go:77.2,77.90 1 1
project_pos_app/controller/notif_controller/notif_controller.go:91.65,94.16 3 1
project_pos_app/controller/notif_controller/notif_controller.go:94.16,99.3 4 1
project_pos_app/controller/notif_controller/notif_controller.go:101.2,102.16 2 1
project_pos_app/controller/notif_controller/notif_controller.go:102.16,107.3 4 0
project_pos_app/controller/notif_controller/notif_controller.go:108.2,108.91 1 0
project_pos_app/controller/notif_controller/notif_controller.go:122.64,125.16 3 1
project_pos_app/controller/notif_controller/notif_controller.go:125.16,130.3 4 1
project_pos_app/controller/notif_controller/notif_controller.go:132.2,132.75 1 1
project_pos_app/controller/notif_controller/notif_controller.go:132.75,137.3 4 0
project_pos_app/controller/notif_controller/notif_controller.go:138.2,138.80 1 1
project_pos_app/controller/notif_controller/notif_controller.go:152.64,155.16 3 1
project_pos_app/controller/notif_controller/notif_controller.go:155.16,160.3 4 1
project_pos_app/controller/notif_controller/notif_controller.go:162.2,162.75 1 1
project_pos_app/controller/notif_controller/notif_controller.go:162.75,167.3 4 0
project_pos_app/controller/notif_controller/notif_controller.go:168.2,168.80 1 0
project_pos_app/controller/notif_controller/notif_controller.go:180.72,181.69 1 1
project_pos_app/controller/notif_controller/notif_controller.go:181.69,186.3 4 0
project_pos_app/controller/notif_controller/notif_controller.go:187.2,187.79 1 1
project_pos_app/helper/logger.go:12.54,15.15 2 0
project_pos_app/helper/logger.go:15.15,17.3 1 0
project_pos_app/helper/logger.go:19.2,31.16 3 0
project_pos_app/helper/logger.go:31.16,34.3 2 0
project_pos_app/helper/logger.go:36.2,45.20 5 0
project_pos_app/helper/mockSetup.go:15.48,23.2 4 0
project_pos_app/helper/mockSetup.go:30.55,45.2 9 1
project_pos_app/helper/response.go:17.70,23.2 1 1
project_pos_app/helper/response.go:25.132,35.2 1 0
project_pos_app/mock_testing/mockDB.go:14.73,16.2 1 0
project_pos_app/mock_testing/mockDB.go:18.52,20.2 1 0
project_pos_app/mock_testing/mockDB.go:22.50,24.2 1 0
project_pos_app/mock_testing/mockDB.go:26.73,28.2 1 0
project_pos_app/mock_testing/mockDB.go:30.51,32.2 1 0
project_pos_app/mock_testing/mockDB.go:34.52,36.2 1 0
project_pos_app/mock_testing/mockDB.go:38.56,41.38 2 1
project_pos_app/mock_testing/mockDB.go:41.38,43.3 1 0
project_pos_app/mock_testing/mockDB.go:45.2,45.12 1 1
project_pos_app/mock_testing/mockDB.go:48.74,51.54 2 1
project_pos_app/mock_testing/mockDB.go:51.54,54.3 2 1
project_pos_app/mock_testing/mockDB.go:56.2,56.22 1 1
project_pos_app/mock_testing/mockDB.go:59.64,61.24 2 1
project_pos_app/mock_testing/mockDB.go:61.24,63.3 1 1
project_pos_app/mock_testing/mockDB.go:65.2,65.27 1 0
project_pos_app/mock_testing/mockDB.go:68.65,71.24 2 1
project_pos_app/mock_testing/mockDB.go:71.24,75.3 3 1
project_pos_app/mock_testing/mockDB.go:77.2,77.22 1 1
project_pos_app/mock_testing/mockDB.go:80.39,82.16 2 1
project_pos_app/mock_testing/mockDB.go:82.16,84.3 1 0
project_pos_app/mock_testing/mockDB.go:86.2,87.54 2 0
project_pos_app/mock_testing/mockDB.go:87.54,89.3 1 0
project_pos_app/mock_testing/mockDB.go:91.2,91.22 1 0
project_pos_app/mock_testing/mockDB.go:94.40,97.54 2 1
project_pos_app/mock_testing/mockDB.go:97.54,98.57 1 1
project_pos_app/mock_testing/mockDB.go:98.57,99.25 1 0
project_pos_app/mock_testing/mockDB.go:99.25,101.5 1 0
project_pos_app/mock_testing/mockDB.go:104.3,104.13 1 1
project_pos_app/mock_testing/mockDB.go:107.2,107.22 1 0
project_pos_app/mock_testing/mockDB.go:112.72,114.24 2 0
project_pos_app/mock_testing/mockDB.go:114.24,116.3 1 0
project_pos_app/mock_testing/mockDB.go:117.2,117.27 1 0
project_pos_app/mock_testing/mockDB.go:120.66,122.44 2 0
project_pos_app/mock_testing/mockDB.go:122.44,124.3 1 0
project_pos_app/mock_testing/mockDB.go:125.2,125.27 1 0
project_pos_app/mock_testing/mockDB.go:128.71,130.60 2 0
project_pos_app/mock_testing/mockDB.go:130.60,132.3 1 0
project_pos_app/mock_testing/mockDB.go:133.2,133.27 1 0
project_pos_app/mock_testing/mockDB.go:136.67,139.2 2 0
project_pos_app/mock_testing/mockDB.go:141.72,143.56 2 0
project_pos_app/mock_testing/mockDB.go:143.56,146.3 2 0
project_pos_app/mock_testing/mockDB.go:147.2,147.27 1 0
project_pos_app/mock_testing/mockDB.go:150.73,153.2 2 0
project_pos_app/mock_testing/mockDB.go:155.76,157.60 2 0
project_pos_app/mock_testing/mockDB.go:157.60,160.3 2 0
project_pos_app/mock_testing/mockDB.go:161.2,161.27 1 0
project_pos_app/mock_testing/mockDB.go:164.79,166.46 2 0
project_pos_app/mock_testing/mockDB.go:166.46,169.3 2 0
project_pos_app/mock_testing/mockDB.go:170.2,170.27 1 0
project_pos_app/model/category.go:18.34,20.27 2 0
project_pos_app/model/category.go:20.27,28.3 1 0
project_pos_app/model/category.go:30.2,30.19 1 0
project_pos_app/model/notif.go:17.50,25.2 1 0
project_pos_app/model/notif.go:27.40,58.2 1 0
project_pos_app/model/order.go:22.27,45.2 1 0
project_pos_app/model/order_product.go:11.41,34.2 1 0
project_pos_app/model/product.go:20.31,44.2 1 0
project_pos_app/model/revenue.go:25.44,38.2 1 0
project_pos_app/model/revenue.go:41.40,63.2 1 0
project_pos_app/repository/repository.go:20.62,27.2 1 0
project_pos_app/repository/auth_repository/auth.go:22.79,24.2 1 0
project_pos_app/repository/auth_repository/auth.go:26.96,33.25 4 0
project_pos_app/repository/auth_repository/auth.go:33.25,34.45 1 0
project_pos_app/repository/auth_repository/auth.go:34.45,36.4 1 0
project_pos_app/repository/auth_repository/auth.go:37.3,37.31 1 0
project_pos_app/repository/auth_repository/auth.go:40.2,50.49 4 0
project_pos_app/repository/auth_repository/auth.go:50.49,52.3 1 0
project_pos_app/repository/auth_repository/auth.go:54.2,54.35 1 0
project_pos_app/repository/auth_repository/auth.go:54.35,55.53 1 0
project_pos_app/repository/auth_repository/auth.go:55.53,57.4 1 0
project_pos_app/repository/auth_repository/auth.go:59.8,61.51 2 0
project_pos_app/repository/auth_repository/auth.go:61.51,63.4 1 0
project_pos_app/repository/auth_repository/auth.go:66.2,66.33 1 0
project_pos_app/service/service.go:20.81,27.2 1 0
project_pos_app/service/auth_service/auth.go:19.95,21.2 1 0
project_pos_app/service/auth_service/auth.go:23.100,26.16 2 0
project_pos_app/service/auth_service/auth.go:26.16,28.3 1 0
project_pos_app/service/auth_service/auth.go:30.2,30.28 1 0
project_pos_app/repository/example_repository/example.go:16.69,18.2 1 0
project_pos_app/config/config.go:40.34,56.16 12 0
project_pos_app/config/config.go:56.16,58.3 1 0
project_pos_app/config/config.go:60.2,90.20 2 0
project_pos_app/helper/logger.go:12.54,15.15 2 0
project_pos_app/helper/logger.go:15.15,17.3 1 0
project_pos_app/helper/logger.go:19.2,31.16 3 0
project_pos_app/helper/logger.go:31.16,34.3 2 0
project_pos_app/helper/logger.go:36.2,45.20 5 0
project_pos_app/helper/mockSetup.go:15.48,23.2 4 1
project_pos_app/helper/mockSetup.go:30.55,45.2 9 0
project_pos_app/helper/response.go:17.70,23.2 1 0
project_pos_app/helper/response.go:25.132,35.2 1 0
project_pos_app/mock_testing/mockDB.go:14.73,16.2 1 0
project_pos_app/mock_testing/mockDB.go:18.52,20.2 1 0
project_pos_app/mock_testing/mockDB.go:22.50,24.2 1 0
project_pos_app/mock_testing/mockDB.go:26.73,28.2 1 0
project_pos_app/mock_testing/mockDB.go:30.51,32.2 1 0
project_pos_app/mock_testing/mockDB.go:34.52,36.2 1 0
project_pos_app/mock_testing/mockDB.go:38.56,41.38 2 0
project_pos_app/mock_testing/mockDB.go:41.38,43.3 1 0
project_pos_app/mock_testing/mockDB.go:45.2,45.12 1 0
project_pos_app/mock_testing/mockDB.go:48.74,51.54 2 0
project_pos_app/mock_testing/mockDB.go:51.54,54.3 2 0
project_pos_app/mock_testing/mockDB.go:56.2,56.22 1 0
project_pos_app/mock_testing/mockDB.go:59.64,61.24 2 0
project_pos_app/mock_testing/mockDB.go:61.24,63.3 1 0
project_pos_app/mock_testing/mockDB.go:65.2,65.27 1 0
project_pos_app/mock_testing/mockDB.go:68.65,71.24 2 0
project_pos_app/mock_testing/mockDB.go:71.24,75.3 3 0
project_pos_app/mock_testing/mockDB.go:77.2,77.22 1 0
project_pos_app/mock_testing/mockDB.go:80.39,82.16 2 0
project_pos_app/mock_testing/mockDB.go:82.16,84.3 1 0
project_pos_app/mock_testing/mockDB.go:86.2,87.54 2 0
project_pos_app/mock_testing/mockDB.go:87.54,89.3 1 0
project_pos_app/mock_testing/mockDB.go:91.2,91.22 1 0
project_pos_app/mock_testing/mockDB.go:94.40,97.54 2 0
project_pos_app/mock_testing/mockDB.go:97.54,98.57 1 0
project_pos_app/mock_testing/mockDB.go:98.57,99.25 1 0
project_pos_app/mock_testing/mockDB.go:99.25,101.5 1 0
project_pos_app/mock_testing/mockDB.go:104.3,104.13 1 0
project_pos_app/mock_testing/mockDB.go:107.2,107.22 1 0
project_pos_app/mock_testing/mockDB.go:112.72,114.24 2 0
project_pos_app/mock_testing/mockDB.go:114.24,116.3 1 0
project_pos_app/mock_testing/mockDB.go:117.2,117.27 1 0
project_pos_app/mock_testing/mockDB.go:120.66,122.44 2 0
project_pos_app/mock_testing/mockDB.go:122.44,124.3 1 0
project_pos_app/mock_testing/mockDB.go:125.2,125.27 1 0
project_pos_app/mock_testing/mockDB.go:128.71,130.60 2 0
project_pos_app/mock_testing/mockDB.go:130.60,132.3 1 0
project_pos_app/mock_testing/mockDB.go:133.2,133.27 1 0
project_pos_app/mock_testing/mockDB.go:136.67,139.2 2 0
project_pos_app/mock_testing/mockDB.go:141.72,143.56 2 0
project_pos_app/mock_testing/mockDB.go:143.56,146.3 2 0
project_pos_app/mock_testing/mockDB.go:147.2,147.27 1 0
project_pos_app/mock_testing/mockDB.go:150.73,153.2 2 0
project_pos_app/mock_testing/mockDB.go:155.76,157.60 2 0
project_pos_app/mock_testing/mockDB.go:157.60,160.3 2 0
project_pos_app/mock_testing/mockDB.go:161.2,161.27 1 0
project_pos_app/mock_testing/mockDB.go:164.79,166.46 2 0
project_pos_app/mock_testing/mockDB.go:166.46,169.3 2 0
project_pos_app/mock_testing/mockDB.go:170.2,170.27 1 0
project_pos_app/model/category.go:18.34,20.27 2 0
project_pos_app/model/category.go:20.27,28.3 1 0
project_pos_app/model/category.go:30.2,30.19 1 0
project_pos_app/model/notif.go:17.50,25.2 1 0
project_pos_app/model/notif.go:27.40,58.2 1 0
project_pos_app/model/order.go:22.27,45.2 1 0
project_pos_app/model/order_product.go:11.41,34.2 1 0
project_pos_app/model/product.go:20.31,44.2 1 0
project_pos_app/model/revenue.go:25.44,38.2 1 0
project_pos_app/model/revenue.go:41.40,63.2 1 0
project_pos_app/repository/repository.go:20.62,27.2 1 0
project_pos_app/repository/auth_repository/auth.go:22.79,24.2 1 0
project_pos_app/repository/auth_repository/auth.go:26.96,33.25 4 0
project_pos_app/repository/auth_repository/auth.go:33.25,34.45 1 0
project_pos_app/repository/auth_repository/auth.go:34.45,36.4 1 0
project_pos_app/repository/auth_repository/auth.go:37.3,37.31 1 0
project_pos_app/repository/auth_repository/auth.go:40.2,50.49 4 0
project_pos_app/repository/auth_repository/auth.go:50.49,52.3 1 0
project_pos_app/repository/auth_repository/auth.go:54.2,54.35 1 0
project_pos_app/repository/auth_repository/auth.go:54.35,55.53 1 0
project_pos_app/repository/auth_repository/auth.go:55.53,57.4 1 0
project_pos_app/repository/auth_repository/auth.go:59.8,61.51 2 0
project_pos_app/repository/auth_repository/auth.go:61.51,63.4 1 0
project_pos_app/repository/auth_repository/auth.go:66.2,66.33 1 0
project_pos_app/repository/notification/notif_repository.go:25.68,27.2 1 1
project_pos_app/repository/notification/notif_repository.go:29.59,30.49 1 1
project_pos_app/repository/notification/notif_repository.go:30.49,32.3 1 1
project_pos_app/repository/notification/notif_repository.go:34.2,34.12 1 1
project_pos_app/repository/notification/notif_repository.go:37.77,39.18 2 1
project_pos_app/repository/notification/notif_repository.go:39.18,41.3 1 1
project_pos_app/repository/notification/notif_repository.go:43.2,43.73 1 1
project_pos_app/repository/notification/notif_repository.go:43.73,46.3 2 1
project_pos_app/repository/notification/notif_repository.go:48.2,48.12 1 1
project_pos_app/repository/notification/notif_repository.go:51.67,54.16 3 1
project_pos_app/repository/notification/notif_repository.go:54.16,57.3 2 1
project_pos_app/repository/notification/notif_repository.go:58.2,58.19 1 1
project_pos_app/repository/notification/notif_repository.go:61.68,64.16 3 1
project_pos_app/repository/notification/notif_repository.go:64.16,67.3 2 1
project_pos_app/repository/notification/notif_repository.go:69.2,70.47 2 1
project_pos_app/repository/notification/notif_repository.go:70.47,73.3 2 0
project_pos_app/repository/notification/notif_repository.go:75.2,75.12 1 1
project_pos_app/repository/notification/notif_repository.go:78.42,79.69 1 1
project_pos_app/repository/notification/notif_repository.go:79.69,82.3 2 1
project_pos_app/repository/notification/notif_repository.go:84.2,84.12 1 1
project_pos_app/repository/notification/notif_repository.go:87.43,88.118 1 1
project_pos_app/repository/notification/notif_repository.go:88.118,91.3 2 1
project_pos_app/repository/notification/notif_repository.go:93.2,93.12 1 1
project_pos_app/router/router.go:11.59,21.2 6 0
project_pos_app/router/router.go:23.71,25.2 2 0
project_pos_app/router/router.go:25.2,32.3 6 0
project_pos_app/router/router.go:35.66,37.2 2 0
project_pos_app/router/router.go:37.2,41.3 3 0
project_pos_app/service/service.go:20.81,27.2 1 0
project_pos_app/service/auth_service/auth.go:19.95,21.2 1 0
project_pos_app/service/auth_service/auth.go:23.100,26.16 2 0
project_pos_app/service/auth_service/auth.go:26.16,28.3 1 0
project_pos_app/service/auth_service/auth.go:30.2,30.28 1 0
project_pos_app/config/config.go:40.34,56.16 12 0
project_pos_app/config/config.go:56.16,58.3 1 0
project_pos_app/config/config.go:60.2,90.20 2 0
project_pos_app/helper/logger.go:12.54,15.15 2 0
project_pos_app/helper/logger.go:15.15,17.3 1 0
project_pos_app/helper/logger.go:19.2,31.16 3 0
project_pos_app/helper/logger.go:31.16,34.3 2 0
project_pos_app/helper/logger.go:36.2,45.20 5 0
project_pos_app/helper/mockSetup.go:15.48,23.2 4 1
project_pos_app/helper/mockSetup.go:30.55,45.2 9 0
project_pos_app/helper/response.go:17.70,23.2 1 0
project_pos_app/helper/response.go:25.132,35.2 1 0
project_pos_app/mock_testing/mockDB.go:14.73,16.2 1 0
project_pos_app/mock_testing/mockDB.go:18.52,20.2 1 0
project_pos_app/mock_testing/mockDB.go:22.50,24.2 1 0
project_pos_app/mock_testing/mockDB.go:26.73,28.2 1 0
project_pos_app/mock_testing/mockDB.go:30.51,32.2 1 0
project_pos_app/mock_testing/mockDB.go:34.52,36.2 1 0
project_pos_app/mock_testing/mockDB.go:38.56,41.38 2 0
project_pos_app/mock_testing/mockDB.go:41.38,43.3 1 0
project_pos_app/mock_testing/mockDB.go:45.2,45.12 1 0
project_pos_app/mock_testing/mockDB.go:48.74,51.54 2 0
project_pos_app/mock_testing/mockDB.go:51.54,54.3 2 0
project_pos_app/mock_testing/mockDB.go:56.2,56.22 1 0
project_pos_app/mock_testing/mockDB.go:59.64,61.24 2 0
project_pos_app/mock_testing/mockDB.go:61.24,63.3 1 0
project_pos_app/mock_testing/mockDB.go:65.2,65.27 1 0
project_pos_app/mock_testing/mockDB.go:68.65,71.24 2 0
project_pos_app/mock_testing/mockDB.go:71.24,75.3 3 0
project_pos_app/mock_testing/mockDB.go:77.2,77.22 1 0
project_pos_app/mock_testing/mockDB.go:80.39,82.16 2 0
project_pos_app/mock_testing/mockDB.go:82.16,84.3 1 0
project_pos_app/mock_testing/mockDB.go:86.2,87.54 2 0
project_pos_app/mock_testing/mockDB.go:87.54,89.3 1 0
project_pos_app/mock_testing/mockDB.go:91.2,91.22 1 0
project_pos_app/mock_testing/mockDB.go:94.40,97.54 2 0
project_pos_app/mock_testing/mockDB.go:97.54,98.57 1 0
project_pos_app/mock_testing/mockDB.go:98.57,99.25 1 0
project_pos_app/mock_testing/mockDB.go:99.25,101.5 1 0
project_pos_app/mock_testing/mockDB.go:104.3,104.13 1 0
project_pos_app/mock_testing/mockDB.go:107.2,107.22 1 0
project_pos_app/mock_testing/mockDB.go:112.72,114.24 2 0
project_pos_app/mock_testing/mockDB.go:114.24,116.3 1 0
project_pos_app/mock_testing/mockDB.go:117.2,117.27 1 0
project_pos_app/mock_testing/mockDB.go:120.66,122.44 2 0
project_pos_app/mock_testing/mockDB.go:122.44,124.3 1 0
project_pos_app/mock_testing/mockDB.go:125.2,125.27 1 0
project_pos_app/mock_testing/mockDB.go:128.71,130.60 2 0
project_pos_app/mock_testing/mockDB.go:130.60,132.3 1 0
project_pos_app/mock_testing/mockDB.go:133.2,133.27 1 0
project_pos_app/mock_testing/mockDB.go:136.67,139.2 2 0
project_pos_app/mock_testing/mockDB.go:141.72,143.56 2 0
project_pos_app/mock_testing/mockDB.go:143.56,146.3 2 0
project_pos_app/mock_testing/mockDB.go:147.2,147.27 1 0
project_pos_app/mock_testing/mockDB.go:150.73,153.2 2 0
project_pos_app/mock_testing/mockDB.go:155.76,157.60 2 0
project_pos_app/mock_testing/mockDB.go:157.60,160.3 2 0
project_pos_app/mock_testing/mockDB.go:161.2,161.27 1 0
project_pos_app/mock_testing/mockDB.go:164.79,166.46 2 0
project_pos_app/mock_testing/mockDB.go:166.46,169.3 2 0
project_pos_app/mock_testing/mockDB.go:170.2,170.27 1 0
project_pos_app/model/category.go:18.34,20.27 2 0
project_pos_app/model/category.go:20.27,28.3 1 0
project_pos_app/model/category.go:30.2,30.19 1 0
project_pos_app/model/notif.go:17.50,25.2 1 0
project_pos_app/model/notif.go:27.40,58.2 1 0
project_pos_app/model/order.go:22.27,45.2 1 0
project_pos_app/model/order_product.go:11.41,34.2 1 0
project_pos_app/model/product.go:20.31,44.2 1 0
project_pos_app/model/revenue.go:25.44,38.2 1 0
project_pos_app/model/revenue.go:41.40,63.2 1 0
project_pos_app/repository/repository.go:20.62,27.2 1 0
project_pos_app/repository/auth_repository/auth.go:22.79,24.2 1 0
project_pos_app/repository/auth_repository/auth.go:26.96,33.25 4 0
project_pos_app/repository/auth_repository/auth.go:33.25,34.45 1 0
project_pos_app/repository/auth_repository/auth.go:34.45,36.4 1 0
project_pos_app/repository/auth_repository/auth.go:37.3,37.31 1 0
project_pos_app/repository/auth_repository/auth.go:40.2,50.49 4 0
project_pos_app/repository/auth_repository/auth.go:50.49,52.3 1 0
project_pos_app/repository/auth_repository/auth.go:54.2,54.35 1 0
project_pos_app/repository/auth_repository/auth.go:54.35,55.53 1 0
project_pos_app/repository/auth_repository/auth.go:55.53,57.4 1 0
project_pos_app/repository/auth_repository/auth.go:59.8,61.51 2 0
project_pos_app/repository/auth_repository/auth.go:61.51,63.4 1 0
project_pos_app/repository/auth_repository/auth.go:66.2,66.33 1 0
project_pos_app/repository/revenue_repository/revenue_repository.go:27.84,32.2 1 1
project_pos_app/repository/revenue_repository/revenue_repository.go:34.90,38.2 3 1
project_pos_app/repository/revenue_repository/revenue_repository.go:40.82,45.16 3 1
project_pos_app/repository/revenue_repository/revenue_repository.go:45.16,47.3 1 1
project_pos_app/repository/revenue_repository/revenue_repository.go:49.2,49.29 1 1
project_pos_app/repository/revenue_repository/revenue_repository.go:52.83,65.16 4 1
project_pos_app/repository/revenue_repository/revenue_repository.go:65.16,67.3 1 1
project_pos_app/repository/revenue_repository/revenue_repository.go:69.2,69.30 1 1
project_pos_app/repository/revenue_repository/revenue_repository.go:69.30,71.3 1 1
project_pos_app/repository/revenue_repository/revenue_repository.go:73.2,73.26 1 1
project_pos_app/repository/revenue_repository/revenue_repository.go:76.77,90.16 4 0
project_pos_app/repository/revenue_repository/revenue_repository.go:90.16,92.3 1 0
project_pos_app/repository/revenue_repository/revenue_repository.go:94.2,94.30 1 0
project_pos_app/repository/revenue_repository/revenue_repository.go:94.30,96.3 1 0
project_pos_app/repository/revenue_repository/revenue_repository.go:98.2,98.28 1 0
project_pos_app/repository/revenue_repository/revenue_repository.go:101.83,110.2 3 1
project_pos_app/repository/revenue_repository/revenue_repository.go:112.78,114.24 1 1
project_pos_app/repository/revenue_repository/revenue_repository.go:114.24,116.3 1 1
project_pos_app/repository/revenue_repository/revenue_repository.go:117.2,117.23 1 1
project_pos_app/repository/revenue_repository/revenue_repository.go:117.23,119.3 1 1
project_pos_app/repository/revenue_repository/revenue_repository.go:120.2,120.30 1 1
project_pos_app/repository/revenue_repository/revenue_repository.go:120.30,122.3 1 1
project_pos_app/repository/revenue_repository/revenue_repository.go:125.2,126.21 2 1
project_pos_app/repository/revenue_repository/revenue_repository.go:126.21,129.3 1 0
project_pos_app/repository/revenue_repository/revenue_repository.go:130.2,130.15 1 1
project_pos_app/repository/revenue_repository/revenue_repository.go:130.15,131.31 1 1
project_pos_app/repository/revenue_repository/revenue_repository.go:131.31,133.4 1 0
project_pos_app/repository/revenue_repository/revenue_repository.go:137.2,140.25 3 1
project_pos_app/repository/revenue_repository/revenue_repository.go:140.25,142.71 1 1
project_pos_app/repository/revenue_repository/revenue_repository.go:142.71,146.4 2 0
project_pos_app/repository/revenue_repository/revenue_repository.go:147.8,147.60 1 1
project_pos_app/repository/revenue_repository/revenue_repository.go:147.60,149.49 1 1
project_pos_app/repository/revenue_repository/revenue_repository.go:149.49,153.4 2 0
project_pos_app/repository/revenue_repository/revenue_repository.go:154.8,158.3 1 1
project_pos_app/repository/revenue_repository/revenue_repository.go:161.2,162.12 2 1
project_pos_app/repository/revenue_repository/revenue_repository.go:165.87,177.2 3 1
project_pos_app/repository/revenue_repository/revenue_repository.go:179.84,181.31 1 1
project_pos_app/repository/revenue_repository/revenue_repository.go:181.31,183.3 1 1
project_pos_app/repository/revenue_repository/revenue_repository.go:184.2,184.28 1 1
project_pos_app/repository/revenue_repository/revenue_repository.go:184.28,186.3 1 1
project_pos_app/repository/revenue_repository/revenue_repository.go:187.2,187.34 1 1
project_pos_app/repository/revenue_repository/revenue_repository.go:187.34,189.3 1 1
project_pos_app/repository/revenue_repository/revenue_repository.go:192.2,193.21 2 1
project_pos_app/repository/revenue_repository/revenue_repository.go:193.21,196.3 1 0
project_pos_app/repository/revenue_repository/revenue_repository.go:197.2,197.15 1 1
project_pos_app/repository/revenue_repository/revenue_repository.go:197.15,198.31 1 1
project_pos_app/repository/revenue_repository/revenue_repository.go:198.31,200.4 1 0
project_pos_app/repository/revenue_repository/revenue_repository.go:204.2,207.25 3 1
project_pos_app/repository/revenue_repository/revenue_repository.go:207.25,209.75 1 1
project_pos_app/repository/revenue_repository/revenue_repository.go:209.75,213.4 2 0
project_pos_app/repository/revenue_repository/revenue_repository.go:214.8,214.60 1 1
project_pos_app/repository/revenue_repository/revenue_repository.go:214.60,216.51 1 1
project_pos_app/repository/revenue_repository/revenue_repository.go:216.51,220.4 2 0
project_pos_app/repository/revenue_repository/revenue_repository.go:221.8,225.3 1 0
project_pos_app/repository/revenue_repository/revenue_repository.go:228.2,228.42 1 1
project_pos_app/repository/revenue_repository/revenue_repository.go:228.42,230.3 1 0
project_pos_app/repository/revenue_repository/revenue_repository.go:232.2,232.12 1 1
project_pos_app/model/category.go:18.34,20.27 2 0
project_pos_app/model/category.go:20.27,28.3 1 0
project_pos_app/model/category.go:30.2,30.19 1 0
project_pos_app/model/notif.go:17.50,25.2 1 0
project_pos_app/model/notif.go:27.40,58.2 1 0
project_pos_app/model/order.go:22.27,45.2 1 0
project_pos_app/model/order_product.go:11.41,34.2 1 0
project_pos_app/model/product.go:20.31,44.2 1 0
project_pos_app/model/revenue.go:25.44,38.2 1 0
project_pos_app/model/revenue.go:41.40,63.2 1 0
project_pos_app/repository/repository.go:20.62,27.2 1 0
project_pos_app/repository/auth_repository/auth.go:22.79,24.2 1 0
project_pos_app/repository/auth_repository/auth.go:26.96,33.25 4 0
project_pos_app/repository/auth_repository/auth.go:33.25,34.45 1 0
project_pos_app/repository/auth_repository/auth.go:34.45,36.4 1 0
project_pos_app/repository/auth_repository/auth.go:37.3,37.31 1 0
project_pos_app/repository/auth_repository/auth.go:40.2,50.49 4 0
project_pos_app/repository/auth_repository/auth.go:50.49,52.3 1 0
project_pos_app/repository/auth_repository/auth.go:54.2,54.35 1 0
project_pos_app/repository/auth_repository/auth.go:54.35,55.53 1 0
project_pos_app/repository/auth_repository/auth.go:55.53,57.4 1 0
project_pos_app/repository/auth_repository/auth.go:59.8,61.51 2 0
project_pos_app/repository/auth_repository/auth.go:61.51,63.4 1 0
project_pos_app/repository/auth_repository/auth.go:66.2,66.33 1 0
project_pos_app/service/example_service/example.go:17.88,19.2 1 0
project_pos_app/config/config.go:40.34,56.16 12 0
project_pos_app/config/config.go:56.16,58.3 1 0
project_pos_app/config/config.go:60.2,90.20 2 0
project_pos_app/helper/logger.go:12.54,15.15 2 0
project_pos_app/helper/logger.go:15.15,17.3 1 0
project_pos_app/helper/logger.go:19.2,31.16 3 0
project_pos_app/helper/logger.go:31.16,34.3 2 0
project_pos_app/helper/logger.go:36.2,45.20 5 0
project_pos_app/helper/mockSetup.go:15.48,23.2 4 0
project_pos_app/helper/mockSetup.go:30.55,45.2 9 1
project_pos_app/helper/response.go:17.70,23.2 1 0
project_pos_app/helper/response.go:25.132,35.2 1 0
project_pos_app/mock_testing/mockDB.go:14.73,16.2 1 0
project_pos_app/mock_testing/mockDB.go:18.52,20.2 1 0
project_pos_app/mock_testing/mockDB.go:22.50,24.2 1 0
project_pos_app/mock_testing/mockDB.go:26.73,28.2 1 0
project_pos_app/mock_testing/mockDB.go:30.51,32.2 1 0
project_pos_app/mock_testing/mockDB.go:34.52,36.2 1 0
project_pos_app/mock_testing/mockDB.go:38.56,41.38 2 0
project_pos_app/mock_testing/mockDB.go:41.38,43.3 1 0
project_pos_app/mock_testing/mockDB.go:45.2,45.12 1 0
project_pos_app/mock_testing/mockDB.go:48.74,51.54 2 0
project_pos_app/mock_testing/mockDB.go:51.54,54.3 2 0
project_pos_app/mock_testing/mockDB.go:56.2,56.22 1 0
project_pos_app/mock_testing/mockDB.go:59.64,61.24 2 0
project_pos_app/mock_testing/mockDB.go:61.24,63.3 1 0
project_pos_app/mock_testing/mockDB.go:65.2,65.27 1 0
project_pos_app/mock_testing/mockDB.go:68.65,71.24 2 0
project_pos_app/mock_testing/mockDB.go:71.24,75.3 3 0
project_pos_app/mock_testing/mockDB.go:77.2,77.22 1 0
project_pos_app/mock_testing/mockDB.go:80.39,82.16 2 0
project_pos_app/mock_testing/mockDB.go:82.16,84.3 1 0
project_pos_app/mock_testing/mockDB.go:86.2,87.54 2 0
project_pos_app/mock_testing/mockDB.go:87.54,89.3 1 0
project_pos_app/mock_testing/mockDB.go:91.2,91.22 1 0
project_pos_app/mock_testing/mockDB.go:94.40,97.54 2 0
project_pos_app/mock_testing/mockDB.go:97.54,98.57 1 0
project_pos_app/mock_testing/mockDB.go:98.57,99.25 1 0
project_pos_app/mock_testing/mockDB.go:99.25,101.5 1 0
project_pos_app/mock_testing/mockDB.go:104.3,104.13 1 0
project_pos_app/mock_testing/mockDB.go:107.2,107.22 1 0
project_pos_app/mock_testing/mockDB.go:112.72,114.24 2 1
project_pos_app/mock_testing/mockDB.go:114.24,116.3 1 1
project_pos_app/mock_testing/mockDB.go:117.2,117.27 1 1
project_pos_app/mock_testing/mockDB.go:120.66,122.44 2 1
project_pos_app/mock_testing/mockDB.go:122.44,124.3 1 1
project_pos_app/mock_testing/mockDB.go:125.2,125.27 1 1
project_pos_app/mock_testing/mockDB.go:128.71,130.60 2 0
project_pos_app/mock_testing/mockDB.go:130.60,132.3 1 0
project_pos_app/mock_testing/mockDB.go:133.2,133.27 1 0
project_pos_app/mock_testing/mockDB.go:136.67,139.2 2 1
project_pos_app/mock_testing/mockDB.go:141.72,143.56 2 0
project_pos_app/mock_testing/mockDB.go:143.56,146.3 2 0
project_pos_app/mock_testing/mockDB.go:147.2,147.27 1 0
project_pos_app/mock_testing/mockDB.go:150.73,153.2 2 1
project_pos_app/mock_testing/mockDB.go:155.76,157.60 2 0
project_pos_app/mock_testing/mockDB.go:157.60,160.3 2 0
project_pos_app/mock_testing/mockDB.go:161.2,161.27 1 0
project_pos_app/mock_testing/mockDB.go:164.79,166.46 2 1
project_pos_app/mock_testing/mockDB.go:166.46,169.3 2 1
project_pos_app/mock_testing/mockDB.go:170.2,170.27 1 1
project_pos_app/model/category.go:18.34,20.27 2 0
project_pos_app/model/category.go:20.27,28.3 1 0
project_pos_app/model/category.go:30.2,30.19 1 0
project_pos_app/model/notif.go:17.50,25.2 1 0
project_pos_app/model/notif.go:27.40,58.2 1 0
project_pos_app/model/order.go:22.27,45.2 1 0
project_pos_app/model/order_product.go:11.41,34.2 1 0
project_pos_app/model/product.go:20.31,44.2 1 0
project_pos_app/model/revenue.go:25.44,38.2 1 0
project_pos_app/model/revenue.go:41.40,63.2 1 0
project_pos_app/repository/repository.go:20.62,27.2 1 0
project_pos_app/repository/auth_repository/auth.go:22.79,24.2 1 0
project_pos_app/repository/auth_repository/auth.go:26.96,33.25 4 0
project_pos_app/repository/auth_repository/auth.go:33.25,34.45 1 0
project_pos_app/repository/auth_repository/auth.go:34.45,36.4 1 0
project_pos_app/repository/auth_repository/auth.go:37.3,37.31 1 0
project_pos_app/repository/auth_repository/auth.go:40.2,50.49 4 0
project_pos_app/repository/auth_repository/auth.go:50.49,52.3 1 0
project_pos_app/repository/auth_repository/auth.go:54.2,54.35 1 0
project_pos_app/repository/auth_repository/auth.go:54.35,55.53 1 0
project_pos_app/repository/auth_repository/auth.go:55.53,57.4 1 0
project_pos_app/repository/auth_repository/auth.go:59.8,61.51 2 0
project_pos_app/repository/auth_repository/auth.go:61.51,63.4 1 0
project_pos_app/repository/auth_repository/auth.go:66.2,66.33 1 0
project_pos_app/service/revenue_service/revenue_service.go:27.97,32.2 1 1
project_pos_app/service/revenue_service/revenue_service.go:34.82,36.2 1 1
project_pos_app/service/revenue_service/revenue_service.go:38.76,40.2 1 1
project_pos_app/service/revenue_service/revenue_service.go:42.81,44.2 1 0
project_pos_app/service/revenue_service/revenue_service.go:46.86,47.20 1 1
project_pos_app/service/revenue_service/revenue_service.go:47.20,49.3 1 1
project_pos_app/service/revenue_service/revenue_service.go:50.2,50.55 1 1
project_pos_app/service/revenue_service/revenue_service.go:53.84,55.2 1 0
project_pos_app/service/revenue_service/revenue_service.go:57.81,58.31 1 1
project_pos_app/service/revenue_service/revenue_service.go:58.31,60.3 1 1
project_pos_app/service/revenue_service/revenue_service.go:61.2,61.51 1 1
project_pos_app/service/revenue_service/revenue_service.go:64.80,66.2 1 0
project_pos_app/service/revenue_service/revenue_service.go:68.75,69.24 1 1
project_pos_app/service/revenue_service/revenue_service.go:69.24,71.3 1 1
project_pos_app/service/revenue_service/revenue_service.go:72.2,72.47 1 1
project_pos_app/service/revenue_service/revenue_service_mock.go:29.99,34.2 1 0
project_pos_app/service/revenue_service/revenue_service_mock.go:37.86,40.16 3 0
project_pos_app/service/revenue_service/revenue_service_mock.go:40.16,43.3 2 0
project_pos_app/service/revenue_service/revenue_service_mock.go:44.2,44.20 1 0
project_pos_app/service/revenue_service/revenue_service_mock.go:48.80,51.16 3 0
project_pos_app/service/revenue_service/revenue_service_mock.go:51.16,54.3 2 0
project_pos_app/service/revenue_service/revenue_service_mock.go:55.2,55.20 1 0
project_pos_app/service/revenue_service/revenue_service_mock.go:59.85,63.16 4 0
project_pos_app/service/revenue_service/revenue_service_mock.go:63.16,66.3 2 0
project_pos_app/service/revenue_service/revenue_service_mock.go:67.2,67.20 1 0
project_pos_app/service/revenue_service/revenue_service_mock.go:71.79,74.2 2 0
project_pos_app/service/revenue_service/revenue_service_mock.go:77.84,80.16 3 0
project_pos_app/service/revenue_service/revenue_service_mock.go:80.16,83.3 2 0
project_pos_app/service/revenue_service/revenue_service_mock.go:84.2,84.20 1 0
project_pos_app/service/revenue_service/revenue_service_mock.go:88.85,91.2 2 0
project_pos_app/service/revenue_service/revenue_service_mock.go:94.88,97.16 3 0
project_pos_app/service/revenue_service/revenue_service_mock.go:97.16,100.3 2 0
project_pos_app/service/revenue_service/revenue_service_mock.go:101.2,101.20 1 0
project_pos_app/service/revenue_service/revenue_service_mock.go:105.90,108.16 3 0
project_pos_app/service/revenue_service/revenue_service_mock.go:108.16,111.3 2 0
project_pos_app/service/revenue_service/revenue_service_mock.go:112.2,112.20 1 0
